[2016.01.09-18.53.12:322][  0]Log file open, 01/09/16 22:53:12
[2016.01.09-18.53.12:322][  0]LogInit:Display: Running engine for game: NVIDIA_TechDemos
[2016.01.09-18.53.12:322][  0]LogInit:Display: RandInit(-1228471205) SRandInit(-1228471205).
[2016.01.09-18.53.12:322][  0]LogTaskGraph: Started task graph with 4 named threads and 7 total threads.
[2016.01.09-18.53.12:322][  0]LogStats: Stats thread started at 0.100861
[2016.01.09-18.53.12:322][  0]LogInit: Version: 4.9.2-0+++depot+UE4-Releases+4.9+VXGI-0.9.0.19972074
[2016.01.09-18.53.12:322][  0]LogInit: API Version: 0
[2016.01.09-18.53.12:322][  0]LogInit: Compiled (64-bit): Dec 27 2015 04:45:12
[2016.01.09-18.53.12:322][  0]LogInit: Compiled with Visual C++: 18.00.40629.00
[2016.01.09-18.53.12:322][  0]LogInit: Build Configuration: Development
[2016.01.09-18.53.12:322][  0]LogInit: Branch Name: ++depot+UE4-Releases+4.9
[2016.01.09-18.53.12:322][  0]LogInit: Command line:  
[2016.01.09-18.53.12:322][  0]LogInit: Base directory: E:/Project/Ue4/Engine/Binaries/Win64/
[2016.01.09-18.53.12:322][  0]LogInit: Rocket: 0
[2016.01.09-18.53.12:338][  0]LogInit: Using libcurl 7.41.0
[2016.01.09-18.53.12:338][  0]LogInit:  - built for x86_64-pc-win32
[2016.01.09-18.53.12:338][  0]LogInit:  - supports SSL with WinSSL
[2016.01.09-18.53.12:338][  0]LogInit:  - other features:
[2016.01.09-18.53.12:338][  0]LogInit:      CURL_VERSION_SSL
[2016.01.09-18.53.12:338][  0]LogInit:      CURL_VERSION_IPV6
[2016.01.09-18.53.12:338][  0]LogInit:      CURL_VERSION_ASYNCHDNS
[2016.01.09-18.53.12:338][  0]LogInit:      CURL_VERSION_LARGEFILE
[2016.01.09-18.53.12:338][  0]LogInit:      CURL_VERSION_IDN
[2016.01.09-18.53.12:338][  0]LogInit:  CurlRequestOptions (configurable via config and command line):
[2016.01.09-18.53.12:338][  0]LogInit:  - bVerifyPeer = true  - Libcurl will verify peer certificate
[2016.01.09-18.53.12:338][  0]LogInit:  - bUseHttpProxy = false  - Libcurl will NOT use HTTP proxy
[2016.01.09-18.53.12:338][  0]LogInit:  - bDontReuseConnections = false  - Libcurl will reuse connections
[2016.01.09-18.53.12:338][  0]LogInit:  - CertBundlePath = nullptr  - Libcurl will use whatever was configured at build time.
[2016.01.09-18.53.12:338][  0]LogInit: Presizing for 0 objects not considered by GC, pre-allocating 0 bytes.
[2016.01.09-18.53.12:338][  0]LogInit: Object subsystem initialized
[2016.01.09-18.53.12:353][  0]LogInit: Selected Device Profile: [Windows]
[2016.01.09-18.53.12:353][  0]LogInit: Applying CVar settings loaded from the selected device profile: [Windows]
[2016.01.09-18.53.12:353][  0]LogInit: Computer: S-X
[2016.01.09-18.53.12:353][  0]LogInit: User: S
[2016.01.09-18.53.12:353][  0]LogInit: CPU Page size=4096, Cores=4
[2016.01.09-18.53.12:353][  0]LogInit: High frequency timer resolution =3.312791 MHz
[2016.01.09-18.53.12:353][  0]LogMemory: Memory total: Physical=9.9GB (10GB approx)
[2016.01.09-18.53.12:353][  0]LogMemory: Platform Memory Stats for Windows
[2016.01.09-18.53.12:353][  0]LogMemory: Process Physical Memory: 52.59 MB used, 52.59 MB peak
[2016.01.09-18.53.12:353][  0]LogMemory: Process Virtual Memory: 55.17 MB used, 55.17 MB peak
[2016.01.09-18.53.12:353][  0]LogMemory: Physical Memory: 3310.62 MB used, 10151.52 MB total
[2016.01.09-18.53.12:353][  0]LogMemory: Virtual Memory: 348.13 MB used, 8388608.00 MB total
[2016.01.09-18.53.12:799][  0]LogTextLocalizationManager: No translations for ('ru-RU') exist, falling back to 'en' for localization and internationalization data.
[2016.01.09-18.53.13:520][  0]LogD3D11RHI: Found D3D11 adapter 0: NVIDIA GeForce GTX 970 (Feature Level 11_0)
[2016.01.09-18.53.13:520][  0]LogD3D11RHI: Adapter has 3989MB of dedicated video memory, 0MB of dedicated system memory, and 4819MB of shared system memory, 1 output[s]
[2016.01.09-18.53.13:522][  0]LogD3D11RHI: Found D3D11 adapter 1: Intel(R) HD Graphics (Feature Level 10_0)
[2016.01.09-18.53.13:522][  0]LogD3D11RHI: Adapter has 32MB of dedicated video memory, 0MB of dedicated system memory, and 1632MB of shared system memory, 0 output[s]
[2016.01.09-18.53.13:522][  0]LogD3D11RHI: Found D3D11 adapter 2: Microsoft Basic Render Driver (Feature Level 11_0)
[2016.01.09-18.53.13:522][  0]LogD3D11RHI: Adapter has 0MB of dedicated video memory, 0MB of dedicated system memory, and 256MB of shared system memory, 0 output[s]
[2016.01.09-18.53.13:522][  0]LogD3D11RHI: Chosen D3D11 Adapter Id = 0
[2016.01.09-18.53.13:543][  0]LogD3D11RHI: !Direct3DDevice
[2016.01.09-18.53.13:543][  0]LogRHI: Texture pool is 1361 MB (70% of 1945 MB)
[2016.01.09-18.53.13:550][  0]LogD3D11RHI: Async texture creation enabled
[2016.01.09-18.53.13:570][  0]LogD3D11RHI: HBAO+ 2.4.0.19336705
[2016.01.09-18.53.13:571][  0]LogD3D11RHI: VXGI: Version 0.9.0.19972074
[2016.01.09-18.53.13:572][  0]LogHairWorks: INFO: HairWorks SDK initialized OK
[2016.01.09-18.53.13:572][  0]LogHairWorks: HairWorks: 1.1
[2016.01.09-18.53.13:580][  0]LogShaderCompilers: Guid format shader working directory is 13 characters bigger than the processId version (../../../../GameWip/GameWip/Intermediate/Shaders/WorkingDirectory/200936/).
[2016.01.09-18.53.13:580][  0]LogShaderCompilers: Cleaned the shader compiler working directory '../../../../GameWip/GameWip/Intermediate/Shaders/tmp/5DD2AEF84E17D427AB34D89BD853F4D2/'.
[2016.01.09-18.53.13:580][  0]LogShaderCompilers:Display: Using Local Shader Compiler.
[2016.01.09-18.53.14:920][  0]LogTemp:Display: Loaded TP AllDesktopTargetPlatform
[2016.01.09-18.53.14:924][  0]LogTemp:Display: Loaded TP WindowsClientTargetPlatform
[2016.01.09-18.53.14:928][  0]LogTemp:Display: Loaded TP WindowsNoEditorTargetPlatform
[2016.01.09-18.53.14:932][  0]LogTemp:Display: Loaded TP WindowsServerTargetPlatform
[2016.01.09-18.53.14:936][  0]LogTemp:Display: Loaded TP WindowsTargetPlatform
[2016.01.09-18.53.14:939][  0]LogTemp:Display: Loaded TP AndroidTargetPlatform
[2016.01.09-18.53.14:942][  0]LogTemp:Display: Loaded TP Android_ASTCTargetPlatform
[2016.01.09-18.53.14:945][  0]LogTemp:Display: Loaded TP Android_ATCTargetPlatform
[2016.01.09-18.53.14:948][  0]LogTemp:Display: Loaded TP Android_DXTTargetPlatform
[2016.01.09-18.53.14:951][  0]LogTemp:Display: Loaded TP Android_ETC1TargetPlatform
[2016.01.09-18.53.14:954][  0]LogTemp:Display: Loaded TP Android_ETC2TargetPlatform
[2016.01.09-18.53.14:956][  0]LogTemp:Display: Loaded TP Android_PVRTCTargetPlatform
[2016.01.09-18.53.14:957][  0]LogTemp:Display: Loaded TP HTML5TargetPlatform
[2016.01.09-18.53.14:973][  0]LogTemp:Display: Loaded TP IOSTargetPlatform
[2016.01.09-18.53.14:973][  0]LogTargetPlatformManager:Display: Building Assets For Windows
[2016.01.09-18.53.15:031][  0]LogDerivedDataCache:Display: Max Cache Size: 512 MB
[2016.01.09-18.53.15:031][  0]LogDerivedDataCache:Display: Starting with empty Boot cache
[2016.01.09-18.53.15:031][  0]LogDerivedDataCache: FDerivedDataBackendGraph:  Pak pak cache file ../../../../GameWip/GameWip/DerivedDataCache/DDC.ddp not found, will not use a pak cache.
[2016.01.09-18.53.15:031][  0]LogDerivedDataCache: Unable to find inner node Pak for hierarchical cache Hierarchy.
[2016.01.09-18.53.15:032][  0]LogDerivedDataCache: FDerivedDataBackendGraph:  EnginePak pak cache file ../../../Engine/DerivedDataCache/DDC.ddp not found, will not use a pak cache.
[2016.01.09-18.53.15:032][  0]LogDerivedDataCache: Unable to find inner node EnginePak for hierarchical cache Hierarchy.
[2016.01.09-18.53.15:044][  0]LogDerivedDataCache: Using Local data cache path ../../../Engine/DerivedDataCache: Writable
[2016.01.09-18.53.15:044][  0]LogDerivedDataCache: Shared data cache path not found in *engine.ini, will not use an Shared cache.
[2016.01.09-18.53.15:044][  0]LogDerivedDataCache: Unable to find inner node Shared for hierarchical cache Hierarchy.
[2016.01.09-18.53.15:645][  0]LogInit: Selected Device Profile: [Windows]
[2016.01.09-18.53.15:658][  0]LogContentStreaming: Texture pool size is 0.000000MB
[2016.01.09-18.53.15:890][  0]LogMeshUtilities: No automatic mesh reduction module available
[2016.01.09-18.53.15:890][  0]LogMeshUtilities: No automatic mesh merging module available
[2016.01.09-18.53.16:608][  0]LogInit: WinSock: version 1.1 (2.2), MaxSocks=32767, MaxUdp=65467
[2016.01.09-18.53.17:664][  0]LogStreaming:Warning: Failed to read file '../../../Engine/Content/Editor/Slate/Icons/AssetIcons/WaveWorks_16x.png' error.
[2016.01.09-18.53.17:664][  0]LogSlate: Could not find file for Slate resource: ../../../Engine/Content/Editor/Slate/Icons/AssetIcons/WaveWorks_16x.png
[2016.01.09-18.53.17:664][  0]LogStreaming:Warning: Failed to read file '../../../Engine/Content/Editor/Slate/Icons/AssetIcons/WaveWorks_64x.png' error.
[2016.01.09-18.53.17:664][  0]LogSlate: Could not find file for Slate resource: ../../../Engine/Content/Editor/Slate/Icons/AssetIcons/WaveWorks_64x.png
[2016.01.09-18.53.18:111][  0]UdpMessaging: Initializing bridge on interface 0.0.0.0:0 to multicast group 230.0.0.1:6666.
[2016.01.09-18.53.18:245][  0]LogAssetRegistry: FAssetRegistry took 0.0113 seconds to start up
[2016.01.09-18.53.18:429][  0]LogLinker:Warning: Can't find file '/Engine/BufferVisualization/VxgiDiffuse'
[2016.01.09-18.53.18:429][  0]LogLinker:Warning: Can't find file '/Engine/BufferVisualization/VxgiDiffuse'
[2016.01.09-18.53.18:429][  0]LogUObjectGlobals:Warning: Failed to find object 'Material /Engine/BufferVisualization/VxgiDiffuse.VxgiDiffuse'
[2016.01.09-18.53.18:429][  0]LogLinker:Warning: Can't find file '/Engine/BufferVisualization/VxgiSpecular'
[2016.01.09-18.53.18:430][  0]LogLinker:Warning: Can't find file '/Engine/BufferVisualization/VxgiSpecular'
[2016.01.09-18.53.18:430][  0]LogUObjectGlobals:Warning: Failed to find object 'Material /Engine/BufferVisualization/VxgiSpecular.VxgiSpecular'
[2016.01.09-18.53.18:506][  0]SourceControl: Info Source control is disabled
[2016.01.09-18.53.18:508][  0]SourceControl: Info Source control is disabled
[2016.01.09-18.53.18:528][  0]SourceControl: Info Source control is disabled
[2016.01.09-18.53.18:542][  0]SourceControl: Info Source control is disabled
[2016.01.09-18.53.18:868][  0]LogObj: 29147 objects as part of root set at end of initial load.
[2016.01.09-18.53.18:869][  0]LogUObjectAllocator: 6202184 out of 0 bytes used by permanent object pool.
[2016.01.09-18.53.18:984][  0]LogEngine: Initializing Engine...
[2016.01.09-18.53.18:989][  0]LogHMD: Can't find Oculus library dev build: is proper Runtime installed? Version: 0.7.0.0
[2016.01.09-18.53.18:997][  0]LogHMD: SteamVR failed to initialize.  Err: 110
[2016.01.09-18.53.19:917][  0]LogAIModule: Creating AISystem for world NewWorld
[2016.01.09-18.53.19:928][  0]LogInit: XAudio2 using 'Наушники гарнитуры (2- Plantronics USB Headset)' : 2 channels at 48 kHz using 16 bits per sample (channel mask 0x3)
[2016.01.09-18.53.19:936][  0]LogInit: FAudioDevice initialized.
[2016.01.09-18.53.19:967][  0]LogDerivedDataCache: Saved boot cache 0.03s 62MB ../../../../GameWip/GameWip/DerivedDataCache/Boot.ddc.
[2016.01.09-18.53.19:978][  0]LogInit: Texture streaming: Enabled
[2016.01.09-18.53.19:985][  0]LogAnalytics: Creating configured Analytics provider AnalyticsET
[2016.01.09-18.53.19:985][  0]LogAnalytics: [UEEditor.UnrealEngine.Release] APIServer = http://etsource.epicgames.com/ET2/. AppVersion = 4.9.2-0+++depot+UE4-Releases+4.9+VXGI-0.9.0.19972074
[2016.01.09-18.53.19:985][  0]LogAnalytics: [UEEditor.UnrealEngine.Release] SetUserId 7b9e80cd4fd12e015457a8883a9c54be|6ae2d016fbd74d2281dff41d397ed704|1778eade-75a4-4c4d-8d0e-65098575f4f3
[2016.01.09-18.53.19:986][  0]LogAnalytics: [UEEditor.UnrealEngine.Release] AnalyticsET::StartSession
[2016.01.09-18.53.20:059][  0]LogWindowsTextInputMethodSystem:Display: IME system now deactivated.
[2016.01.09-18.53.20:074][  0]LogInit: Transaction tracking system initialized
[2016.01.09-18.53.20:183][  0]BlueprintLog: New page: Editor Load
[2016.01.09-18.53.20:557][  0]LocalizationService: Info Localization service is disabled
[2016.01.09-18.53.20:800][  0]LogConsoleResponse:Display: 
[2016.01.09-18.53.21:258][  0]LogCook:Display: Done creating registry. It took  0.00s.
[2016.01.09-18.53.21:346][  0]LogFileCache: Scanning file cache for directory 'E:/Project/GameWip/GameWip/Content/' took 0.02s
[2016.01.09-18.53.21:346][  0]SourceControl: Info Source control is disabled
[2016.01.09-18.53.21:347][  0]Cmd: MAP LOAD FILE="../../../../GameWip/GameWip/Content/Maimenu.umap" TEMPLATE=0 SHOWPROGRESS=1 FEATURELEVEL=3
[2016.01.09-18.53.21:348][  0]LightingResults: New page: Lighting Build
[2016.01.09-18.53.21:353][  0]MapCheck: New page: Map Check
[2016.01.09-18.53.21:354][  0]LightingResults: New page: Lighting Build
[2016.01.09-18.53.21:394][  0]LogParticles: Destroying 0 GPU particle simulations for FXSystem 0x000000CA67E0A840
[2016.01.09-18.53.26:643][  0]LogBlueprint:Error: Broken Node: K2Node_MacroInstance /Game/Blueprints/Behavior/BTS_botDetectEnemy.BTS_botDetectEnemy:EventGraph.K2Node_MacroInstance_9524 keeps removed/invalid pin: EdGraphPin /Game/Blueprints/Behavior/BTS_botDetectEnemy.BTS_botDetectEnemy:EventGraph.K2Node_MacroInstance_9524.EdGraphPin_159414. Try refresh all nodes.
[2016.01.09-18.53.26:644][  0]LogBlueprint:Error: Broken Node: K2Node_CallFunction /Game/Blueprints/Behavior/BTS_botDetectEnemy.BTS_botDetectEnemy:EventGraph.K2Node_CallFunction_712674 keeps removed/invalid pin: EdGraphPin /Game/Blueprints/Behavior/BTS_botDetectEnemy.BTS_botDetectEnemy:EventGraph.K2Node_CallFunction_712674.EdGraphPin_159528. Try refresh all nodes.
[2016.01.09-18.53.26:647][  0]LogBlueprint:Error: Broken Node: K2Node_CommutativeAssociativeBinaryOperator /Game/Blueprints/Behavior/BTS_botDetectEnemy.BTS_botDetectEnemy:EventGraph.K2Node_CommutativeAssociativeBinaryOperator_343 keeps removed/invalid pin: EdGraphPin /Game/Blueprints/Behavior/BTS_botDetectEnemy.BTS_botDetectEnemy:EventGraph.K2Node_CommutativeAssociativeBinaryOperator_343.EdGraphPin_159851. Try refresh all nodes.
[2016.01.09-18.53.29:347][  0]LogBlueprint:Error: Broken Node: K2Node_MacroInstance /Game/Blueprints/Behavior/BTS_botDetectEnemy.BTS_botDetectEnemy:EventGraph.K2Node_MacroInstance_9524 keeps removed/invalid pin: EdGraphPin /Game/Blueprints/Behavior/BTS_botDetectEnemy.BTS_botDetectEnemy:EventGraph.K2Node_MacroInstance_9524.EdGraphPin_159414. Try refresh all nodes.
[2016.01.09-18.53.29:347][  0]LogBlueprint:Error: Broken Node: K2Node_CallFunction /Game/Blueprints/Behavior/BTS_botDetectEnemy.BTS_botDetectEnemy:EventGraph.K2Node_CallFunction_712674 keeps removed/invalid pin: EdGraphPin /Game/Blueprints/Behavior/BTS_botDetectEnemy.BTS_botDetectEnemy:EventGraph.K2Node_CallFunction_712674.EdGraphPin_159528. Try refresh all nodes.
[2016.01.09-18.53.29:349][  0]LogBlueprint:Error: Broken Node: K2Node_CommutativeAssociativeBinaryOperator /Game/Blueprints/Behavior/BTS_botDetectEnemy.BTS_botDetectEnemy:EventGraph.K2Node_CommutativeAssociativeBinaryOperator_343 keeps removed/invalid pin: EdGraphPin /Game/Blueprints/Behavior/BTS_botDetectEnemy.BTS_botDetectEnemy:EventGraph.K2Node_CommutativeAssociativeBinaryOperator_343.EdGraphPin_159851. Try refresh all nodes.
[2016.01.09-18.53.30:014][  0]LogLinker:Warning: CreateExport: Failed to load Parent for Function /Game/QualityMenu/Blueprints/AudioEffectControl.AudioEffectControl_C:UserConstructionScript; removing parent information, but keeping function
[2016.01.09-18.53.30:021][  0]LogLinker:Warning: CreateExport: Failed to load Parent for Function /Game/QualityMenu/Blueprints/AudioMusicControl.AudioMusicControl_C:UserConstructionScript; removing parent information, but keeping function
[2016.01.09-18.53.32:927][  0]LogMaterial: Missing cached shader map for material M_spark_subUV, compiling. 
[2016.01.09-18.53.32:969][  0]LogMaterial: Missing cached shader map for material M_ImpactSmoke, compiling. 
[2016.01.09-18.53.35:338][  0]LogAIModule: Creating AISystem for world Maimenu
[2016.01.09-18.53.35:636][  0]LogEditorServer: Finished looking for orphan Actors (0.000 secs)
[2016.01.09-18.53.35:637][  0]Cmd: MAP CHECKDEP NOCLEARLOG
[2016.01.09-18.53.39:422][  0]MapCheck:Warning: Warning EdGraphPin_145812 EdGraphPin /Game/Maimenu.Maimenu:PersistentLevel.Maimenu.ExecuteUbergraph_Maimenu.K2Node_CallFunction_7472.EdGraphPin_145812 : Externally referenced 
[2016.01.09-18.53.39:422][  0]MapCheck:Warning: Warning EdGraphPin_144608 EdGraphPin /Game/Maimenu.Maimenu:PersistentLevel.Maimenu.ExecuteUbergraph_Maimenu.K2Node_CallFunction_7529.EdGraphPin_144608 : Externally referenced 
[2016.01.09-18.53.39:422][  0]MapCheck:Warning: Warning EdGraphPin_145819 EdGraphPin /Game/Maimenu.Maimenu:PersistentLevel.Maimenu.EventGraph.K2Node_CallFunction_98371.EdGraphPin_145819 : Externally referenced 
[2016.01.09-18.53.39:422][  0]MapCheck:Warning: Warning EdGraphPin_145819 EdGraphPin /Game/Maimenu.Maimenu:PersistentLevel.Maimenu.ExecuteUbergraph_Maimenu.K2Node_CallFunction_7595.EdGraphPin_145819 : Externally referenced 
[2016.01.09-18.53.39:422][  0]MapCheck:Warning: Warning Hero_Controller_C_0 Hero_Controller_C /Game/Maimenu.Maimenu:PersistentLevel.MyCharacter_C_0.CharacterMesh0.Hero_Controller_C_0 : Externally referenced 
[2016.01.09-18.53.39:423][  0]MapCheck:Warning: Warning Hero_Controller_C_0 Hero_Controller_C /Game/Maimenu.Maimenu:PersistentLevel.MyCharacter_C_0.CharacterMesh0.Hero_Controller_C_0 : Externally referenced 
[2016.01.09-18.53.39:423][  0]MapCheck:Warning: Warning Hero_Controller_C_0 Hero_Controller_C /Game/Maimenu.Maimenu:PersistentLevel.MyCharacter_C_0.CharacterMesh0.Hero_Controller_C_0 : Externally referenced 
[2016.01.09-18.53.39:423][  0]MapCheck:Warning: Warning Hero_Controller_C_0 Hero_Controller_C /Game/Maimenu.Maimenu:PersistentLevel.MyCharacter_C_0.CharacterMesh0.Hero_Controller_C_0 : Externally referenced 
[2016.01.09-18.53.39:423][  0]MapCheck:Warning: Warning Hero_Controller_C_0 Hero_Controller_C /Game/Maimenu.Maimenu:PersistentLevel.MyCharacter_C_0.CharacterMesh0.Hero_Controller_C_0 : Externally referenced 
[2016.01.09-18.53.39:423][  0]MapCheck:Warning: Warning Hero_Controller_C_0 Hero_Controller_C /Game/Maimenu.Maimenu:PersistentLevel.MyCharacter_C_0.CharacterMesh0.Hero_Controller_C_0 : Externally referenced 
[2016.01.09-18.53.39:423][  0]MapCheck:Warning: Warning Hero_Controller_C_0 Hero_Controller_C /Game/Maimenu.Maimenu:PersistentLevel.MyCharacter_C_0.CharacterMesh0.Hero_Controller_C_0 : Externally referenced 
[2016.01.09-18.53.39:423][  0]MapCheck:Warning: Warning CharacterMesh0 SkeletalMeshComponent /Game/Maimenu.Maimenu:PersistentLevel.MyCharacter_C_0.CharacterMesh0 : Externally referenced 
[2016.01.09-18.53.39:423][  0]MapCheck:Warning: Warning Hero_Controller_C_0 Hero_Controller_C /Game/Maimenu.Maimenu:PersistentLevel.MyCharacter_C_0.CharacterMesh0.Hero_Controller_C_0 : Externally referenced 
[2016.01.09-18.53.39:423][  0]MapCheck:Warning: Warning Hero_Controller_C_0 Hero_Controller_C /Game/Maimenu.Maimenu:PersistentLevel.MyCharacter_C_0.CharacterMesh0.Hero_Controller_C_0 : Externally referenced 
[2016.01.09-18.53.39:423][  0]MapCheck:Warning: Warning Hero_Controller_C_0 Hero_Controller_C /Game/Maimenu.Maimenu:PersistentLevel.MyCharacter_C_0.CharacterMesh0.Hero_Controller_C_0 : Externally referenced 
[2016.01.09-18.53.39:423][  0]MapCheck:Warning: Warning Hero_Controller_C_0 Hero_Controller_C /Game/Maimenu.Maimenu:PersistentLevel.MyCharacter_C_0.CharacterMesh0.Hero_Controller_C_0 : Externally referenced 
[2016.01.09-18.53.39:424][  0]MapCheck:Warning: Warning K2Node_MacroInstance_569 K2Node_MacroInstance /Game/Maimenu.Maimenu:PersistentLevel.Maimenu.EventGraph.K2Node_MacroInstance_569 : Externally referenced 
[2016.01.09-18.53.39:424][  0]MapCheck:Warning: Warning K2Node_MacroInstance_1442 K2Node_MacroInstance /Game/Maimenu.Maimenu:PersistentLevel.Maimenu.EventGraph.K2Node_MacroInstance_1442 : Externally referenced 
[2016.01.09-18.53.39:424][  0]MapCheck:Warning: Warning K2Node_MacroInstance_296 K2Node_MacroInstance /Game/Maimenu.Maimenu:PersistentLevel.Maimenu.ExecuteUbergraph_Maimenu.K2Node_MacroInstance_296 : Externally referenced 
[2016.01.09-18.53.39:424][  0]MapCheck:Warning: Warning K2Node_MacroInstance_295 K2Node_MacroInstance /Game/Maimenu.Maimenu:PersistentLevel.Maimenu.ExecuteUbergraph_Maimenu.K2Node_MacroInstance_295 : Externally referenced 
[2016.01.09-18.53.39:424][  0]MapCheck:Warning: Warning K2Node_MacroInstance_305 K2Node_MacroInstance /Game/Maimenu.Maimenu:PersistentLevel.Maimenu.ExecuteUbergraph_Maimenu.K2Node_MacroInstance_305 : Externally referenced 
[2016.01.09-18.53.39:424][  0]MapCheck:Warning: Warning K2Node_MacroInstance_304 K2Node_MacroInstance /Game/Maimenu.Maimenu:PersistentLevel.Maimenu.ExecuteUbergraph_Maimenu.K2Node_MacroInstance_304 : Externally referenced 
[2016.01.09-18.53.39:424][  0]MapCheck:Warning: Warning K2Node_MacroInstance_308 K2Node_MacroInstance /Game/Maimenu.Maimenu:PersistentLevel.Maimenu.ExecuteUbergraph_Maimenu.K2Node_MacroInstance_308 : Externally referenced 
[2016.01.09-18.53.39:424][  0]MapCheck:Warning: Warning K2Node_MacroInstance_309 K2Node_MacroInstance /Game/Maimenu.Maimenu:PersistentLevel.Maimenu.ExecuteUbergraph_Maimenu.K2Node_MacroInstance_309 : Externally referenced 
[2016.01.09-18.53.39:424][  0]MapCheck:Warning: Warning K2Node_MacroInstance_318 K2Node_MacroInstance /Game/Maimenu.Maimenu:PersistentLevel.Maimenu.ExecuteUbergraph_Maimenu.K2Node_MacroInstance_318 : Externally referenced 
[2016.01.09-18.53.39:424][  0]MapCheck:Warning: Warning K2Node_MacroInstance_317 K2Node_MacroInstance /Game/Maimenu.Maimenu:PersistentLevel.Maimenu.ExecuteUbergraph_Maimenu.K2Node_MacroInstance_317 : Externally referenced 
[2016.01.09-18.53.39:424][  0]MapCheck:Warning: Warning K2Node_MacroInstance_321 K2Node_MacroInstance /Game/Maimenu.Maimenu:PersistentLevel.Maimenu.ExecuteUbergraph_Maimenu.K2Node_MacroInstance_321 : Externally referenced 
[2016.01.09-18.53.39:425][  0]MapCheck:Warning: Warning K2Node_MacroInstance_322 K2Node_MacroInstance /Game/Maimenu.Maimenu:PersistentLevel.Maimenu.ExecuteUbergraph_Maimenu.K2Node_MacroInstance_322 : Externally referenced 
[2016.01.09-18.53.39:425][  0]MapCheck:Warning: Warning CharacterMesh0 SkeletalMeshComponent /Game/Maimenu.Maimenu:PersistentLevel.MyCharacter_C_0.CharacterMesh0 : Externally referenced 
[2016.01.09-18.53.39:425][  0]MapCheck:Warning: Warning AudioComponent0 AudioComponent /Game/Maimenu.Maimenu:PersistentLevel.AudioMusicControl_C_1.AudioComponent0 : Externally referenced 
[2016.01.09-18.53.39:425][  0]MapCheck:Warning: Warning StaticMeshComponent0 StaticMeshComponent /Game/Maimenu.Maimenu:PersistentLevel.Floor2.StaticMeshComponent0 : Externally referenced 
[2016.01.09-18.53.39:425][  0]MapCheck:Warning: Warning FoliageType_InstancedStaticMesh_0 FoliageType_InstancedStaticMesh /Game/Maimenu.Maimenu:PersistentLevel.InstancedFoliageActor_0.FoliageType_InstancedStaticMesh_0 : Externally referenced 
[2016.01.09-18.53.39:425][  0]MapCheck:Warning: Warning AudioComponent0 AudioComponent /Game/Maimenu.Maimenu:PersistentLevel.AudioEffectControl_2.AudioComponent0 : Externally referenced 
[2016.01.09-18.53.39:425][  0]MapCheck:Warning: Warning ParticleSystemComponent0 ParticleSystemComponent /Game/Maimenu.Maimenu:PersistentLevel.P_Ambient_Fog_11.ParticleSystemComponent0 : Externally referenced 
[2016.01.09-18.53.39:425][  0]MapCheck:Warning: Warning AbstractNavData-Default AbstractNavData /Game/Maimenu.Maimenu:PersistentLevel.AbstractNavData-Default : Externally referenced 
[2016.01.09-18.53.39:425][  0]MapCheck: Info Map check complete: 0 Error(s), 35 Warning(s), took 3,788.149ms to complete.
[2016.01.09-18.53.39:432][  0]LogFileHelpers: Loading map 'Maimenu' took 18.086
[2016.01.09-18.53.39:433][  0]LogShaderCompilers:Warning: Failed to compile Material /Game/Effects/materials/spark/M_spark_subUV.M_spark_subUV for platform PCD3D_SM5, Default Material will be used in game.
[2016.01.09-18.53.39:602][  0]LogCollectionManager: Loaded 0 collections in 0.002363 seconds
[2016.01.09-18.53.39:655][  0]LogFileCache: Scanning file cache for directory 'E:/Project/GameWip/GameWip/Saved/Collections/' took 0.01s
[2016.01.09-18.53.39:655][  0]LogFileCache: Scanning file cache for directory 'E:/Project/GameWip/GameWip/Content/Developers/S/Collections/' took 0.01s
[2016.01.09-18.53.39:655][  0]LogFileCache: Scanning file cache for directory 'E:/Project/GameWip/GameWip/Content/Collections/' took 0.01s
[2016.01.09-18.53.39:655][  0]LogContentBrowser: Native class hierarchy populated in 0.0167 seconds. Added 1943 classes and 335 folders.
[2016.01.09-18.53.39:664][  0]LogCollectionManager: Rebuilt the GUID cache for 0 collections in 0.000005 seconds
[2016.01.09-18.53.39:678][  0]LogContentBrowser: Native class hierarchy updated for 'WidgetCarousel' in 0.0006 seconds. Added 0 classes and 0 folders.
[2016.01.09-18.53.39:841][  0]LogContentBrowser: Native class hierarchy updated for 'AddContentDialog' in 0.0005 seconds. Added 0 classes and 0 folders.
[2016.01.09-18.53.39:847][  0]LogContentBrowser: Native class hierarchy updated for 'SceneOutliner' in 0.0005 seconds. Added 1 classes and 2 folders.
[2016.01.09-18.53.40:308][  0]LogCrashTracker: Crashtracker disabled due to settings.
[2016.01.09-18.53.40:315][  0]LogUObjectGlobals:Warning: Failed to find object 'Class None.'
[2016.01.09-18.53.40:339][  0]LogLoad: Full Startup: 28.51 seconds (BP compile: 3.80 seconds)
[2016.01.09-18.53.40:435][  0]LogContentStreaming: Texture pool size now 1000 MB
[2016.01.09-18.53.40:612][  0]LogRenderer: Reallocating scene render targets to support 1072x876 (Frame:2).
[2016.01.09-18.53.40:890][  1]LogFileCache: Retrieving MD5 hashes for directory 'E:/Project/GameWip/GameWip/Content/' took 0.54s
[2016.01.09-18.53.44:255][ 32]LogAssetRegistry: Asset discovery search completed in 26.0216 seconds
[2016.01.09-18.53.44:255][ 32]LogCollectionManager: Rebuilt the object cache for 0 collections in 0.000001 seconds (found 0 objects)
[2016.01.09-18.53.44:255][ 32]LogCollectionManager: Fixed up redirectors for 0 collections in 0.000319 seconds (updated 0 objects)
[2016.01.09-18.53.48:840][442]LogShaderCompilers:Warning: Failed to compile Material /Game/Effects/Materials/Smoke/M_ImpactSmoke.M_ImpactSmoke for platform PCD3D_SM5, Default Material will be used in game.
[2016.01.09-18.55.27:759][181]LogBlueprintUserMessages: Early PlayInEditor Detection: Level '/Game/Maimenu.Maimenu:PersistentLevel' has LevelScriptBlueprint '/Game/Maimenu.Maimenu:PersistentLevel.Maimenu' with GeneratedClass '/Game/Maimenu.Maimenu_C' with ClassGeneratedBy '/Game/Maimenu.Maimenu:PersistentLevel.Maimenu'
[2016.01.09-18.55.27:760][181]LogBlueprintUserMessages: Early PlayInEditor Detection: Level '/Game/Loading.Loading:PersistentLevel' has LevelScriptBlueprint '/Game/Loading.Loading:PersistentLevel.Loading' with GeneratedClass '/Game/Loading.Loading_C' with ClassGeneratedBy '/Game/Loading.Loading:PersistentLevel.Loading'
[2016.01.09-18.55.27:760][181]LogBlueprintUserMessages: Early PlayInEditor Detection: Level '/Game/NewGame.NewGame:PersistentLevel' has LevelScriptBlueprint '/Game/NewGame.NewGame:PersistentLevel.NewGame' with GeneratedClass '/Game/NewGame.NewGame_C' with ClassGeneratedBy '/Game/NewGame.NewGame:PersistentLevel.NewGame'
[2016.01.09-18.55.27:760][181]LogPlayLevel: PlayLevel: No blueprints needed recompiling
[2016.01.09-18.55.27:763][181]PIE: New page: PIE session: Maimenu (Jan 10, 2016, 2:55:27 AM)
[2016.01.09-18.55.27:788][181]LogPlayLevel: Creating play world package: /Game/UEDPIE_0_Maimenu
[2016.01.09-18.55.27:830][181]LogPlayLevel: PIE: StaticDuplicateObject took: (0.042394s)
[2016.01.09-18.55.27:904][181]LogAIModule: Creating AISystem for world Maimenu
[2016.01.09-18.55.27:905][181]LogPlayLevel: PIE: World Init took: (0.074641s)
[2016.01.09-18.55.27:905][181]LogPlayLevel: PIE: Created PIE world by copying editor world from /Game/Maimenu.Maimenu to /Game/UEDPIE_0_Maimenu.Maimenu (0.117330s)
[2016.01.09-18.55.28:265][181]LogBlueprintUserMessages: [GameInstanceWithSettings_C_0] SettingsSaveFilefile found, imports it as Game Settings
[2016.01.09-18.55.28:268][181]LogInit: XAudio2 using 'Наушники гарнитуры (2- Plantronics USB Headset)' : 2 channels at 48 kHz using 16 bits per sample (channel mask 0x3)
[2016.01.09-18.55.28:275][181]LogInit: FAudioDevice initialized.
[2016.01.09-18.55.28:326][181]LogWorld: Game class is 'MainMode_C'
[2016.01.09-18.55.28:333][181]LogWorld: Bringing World /Game/UEDPIE_0_Maimenu.Maimenu up for play (max tick rate 0) at 2016.01.09-22.55.28
[2016.01.09-18.55.28:333][181]LogActor:Warning: GameSession /Game/UEDPIE_0_Maimenu.Maimenu:PersistentLevel.GameSession_0 has natively added scene component(s), but none of them were set as the actor's RootComponent - picking one arbitrarily
[2016.01.09-18.55.28:333][181]LogActor:Warning: GameNetworkManager /Game/UEDPIE_0_Maimenu.Maimenu:PersistentLevel.GameNetworkManager_0 has natively added scene component(s), but none of them were set as the actor's RootComponent - picking one arbitrarily
[2016.01.09-18.55.28:334][181]LogWorld: Bringing up level for play took: 0.005709
[2016.01.09-18.55.28:364][181]Cmd: r.ViewDistanceScale 1.00
[2016.01.09-18.55.28:364][181]r.ViewDistanceScale = "1"
[2016.01.09-18.55.28:368][181]Cmd: sg.AntiAliasingQuality 2
[2016.01.09-18.55.28:369][181]sg.AntiAliasingQuality = "2"
[2016.01.09-18.55.28:369][181]Cmd: sg.ShadowQuality 2
[2016.01.09-18.55.28:369][181]sg.ShadowQuality = "2"
[2016.01.09-18.55.28:369][181]Cmd: sg.TextureQuality 2
[2016.01.09-18.55.28:369][181]sg.TextureQuality = "2"
[2016.01.09-18.55.28:369][181]Cmd: sg.EffectsQuality 2
[2016.01.09-18.55.28:369][181]sg.EffectsQuality = "2"
[2016.01.09-18.55.28:373][181]Cmd: sg.ResolutionQuality 100
[2016.01.09-18.55.28:373][181]sg.ResolutionQuality = "100"
[2016.01.09-18.55.28:373][181]Cmd: r.MotionBlur.Scale 1.0
[2016.01.09-18.55.28:373][181]r.MotionBlur.Scale = "1"
[2016.01.09-18.55.28:373][181]Cmd: sg.PostProcessQuality 2
[2016.01.09-18.55.28:373][181]sg.PostProcessQuality = "2"
[2016.01.09-18.55.28:374][181]Cmd: R.SetRes 1920x1080f
[2016.01.09-18.55.28:374][181]r.SetRes = "1920x1080f"
[2016.01.09-18.55.28:408][181]LogRenderer: Reallocating scene render targets to support 1920x1080 (Frame:2684).
[2016.01.09-18.55.28:483][181]Cmd: sg.ResolutionQuality 100
[2016.01.09-18.55.28:483][181]sg.ResolutionQuality = "100"
[2016.01.09-18.55.28:483][181]Cmd: r.ViewDistanceScale 1.00
[2016.01.09-18.55.28:483][181]r.ViewDistanceScale = "1"
[2016.01.09-18.55.28:483][181]Cmd: sg.AntiAliasingQuality 2
[2016.01.09-18.55.28:483][181]sg.AntiAliasingQuality = "2"
[2016.01.09-18.55.28:483][181]Cmd: sg.PostProcessQuality 2
[2016.01.09-18.55.28:483][181]sg.PostProcessQuality = "2"
[2016.01.09-18.55.28:483][181]Cmd: sg.ShadowQuality 2
[2016.01.09-18.55.28:483][181]sg.ShadowQuality = "2"
[2016.01.09-18.55.28:483][181]Cmd: sg.TextureQuality 2
[2016.01.09-18.55.28:483][181]sg.TextureQuality = "2"
[2016.01.09-18.55.28:483][181]Cmd: sg.EffectsQuality 2
[2016.01.09-18.55.28:483][181]sg.EffectsQuality = "2"
[2016.01.09-18.55.28:483][181]Cmd: r.MotionBlur.Scale 1.0
[2016.01.09-18.55.28:483][181]r.MotionBlur.Scale = "1"
[2016.01.09-18.55.28:496][181]PIE: Info Play in editor start time for /Game/UEDPIE_0_Maimenu 1.253
[2016.01.09-18.55.28:496][181]LogBlueprintUserMessages: Late PlayInEditor Detection: Level '/Game/Maimenu.Maimenu:PersistentLevel' has LevelScriptBlueprint '/Game/Maimenu.Maimenu:PersistentLevel.Maimenu' with GeneratedClass '/Game/Maimenu.Maimenu_C' with ClassGeneratedBy '/Game/Maimenu.Maimenu:PersistentLevel.Maimenu'
[2016.01.09-18.55.28:496][181]LogBlueprintUserMessages: Late PlayInEditor Detection: Level '/Game/Loading.Loading:PersistentLevel' has LevelScriptBlueprint '/Game/Loading.Loading:PersistentLevel.Loading' with GeneratedClass '/Game/Loading.Loading_C' with ClassGeneratedBy '/Game/Loading.Loading:PersistentLevel.Loading'
[2016.01.09-18.55.28:496][181]LogBlueprintUserMessages: Late PlayInEditor Detection: Level '/Game/NewGame.NewGame:PersistentLevel' has LevelScriptBlueprint '/Game/NewGame.NewGame:PersistentLevel.NewGame' with GeneratedClass '/Game/NewGame.NewGame_C' with ClassGeneratedBy '/Game/NewGame.NewGame:PersistentLevel.NewGame'
[2016.01.09-18.55.28:562][182]LogPhysics:Warning: PHYSX: ..\..\module\clothing\embedded\SimulationPhysX3.cpp (497) 4 : physx::apex::clothing::SimulationPhysX3::initCollision: This asset has 112 collision volumes, but only 32 are supported. 80 will be ignored!
[2016.01.09-18.55.28:613][185]LogContentStreaming: Texture pool size now 700 MB
[2016.01.09-18.55.29:483][238]Cmd: r.ViewDistanceScale 1.00
[2016.01.09-18.55.29:483][238]r.ViewDistanceScale = "1"
[2016.01.09-18.55.29:483][238]Cmd: sg.AntiAliasingQuality 2
[2016.01.09-18.55.29:483][238]sg.AntiAliasingQuality = "2"
[2016.01.09-18.55.29:483][238]Cmd: sg.ShadowQuality 2
[2016.01.09-18.55.29:483][238]sg.ShadowQuality = "2"
[2016.01.09-18.55.29:483][238]Cmd: sg.TextureQuality 2
[2016.01.09-18.55.29:484][238]sg.TextureQuality = "2"
[2016.01.09-18.55.29:484][238]Cmd: sg.EffectsQuality 2
[2016.01.09-18.55.29:484][238]sg.EffectsQuality = "2"
[2016.01.09-18.55.29:484][238]Cmd: sg.ResolutionQuality 100
[2016.01.09-18.55.29:484][238]sg.ResolutionQuality = "100"
[2016.01.09-18.55.29:484][238]Cmd: r.MotionBlur.Scale 1.0
[2016.01.09-18.55.29:484][238]r.MotionBlur.Scale = "1"
[2016.01.09-18.55.30:331][289]Cmd: R.SetRes 1920x1080f
[2016.01.09-18.55.30:331][289]r.SetRes = "1920x1080f"
[2016.01.09-18.55.30:331][289]Cmd: sg.ResolutionQuality 100
[2016.01.09-18.55.30:331][289]sg.ResolutionQuality = "100"
[2016.01.09-18.55.30:331][289]Cmd: r.ViewDistanceScale 1.00
[2016.01.09-18.55.30:331][289]r.ViewDistanceScale = "1"
[2016.01.09-18.55.30:331][289]Cmd: sg.AntiAliasingQuality 2
[2016.01.09-18.55.30:331][289]sg.AntiAliasingQuality = "2"
[2016.01.09-18.55.30:331][289]Cmd: sg.PostProcessQuality 2
[2016.01.09-18.55.30:331][289]sg.PostProcessQuality = "2"
[2016.01.09-18.55.30:331][289]Cmd: sg.ShadowQuality 2
[2016.01.09-18.55.30:331][289]sg.ShadowQuality = "2"
[2016.01.09-18.55.30:332][289]Cmd: sg.TextureQuality 2
[2016.01.09-18.55.30:332][289]sg.TextureQuality = "2"
[2016.01.09-18.55.30:332][289]Cmd: sg.EffectsQuality 2
[2016.01.09-18.55.30:332][289]sg.EffectsQuality = "2"
[2016.01.09-18.55.30:332][289]Cmd: r.MotionBlur.Scale 1.0
[2016.01.09-18.55.30:332][289]r.MotionBlur.Scale = "1"
[2016.01.09-18.55.31:652][368]LogBlueprintUserMessages: Early EndPlayMap Detection: Level '/Game/Maimenu.Maimenu:PersistentLevel' has LevelScriptBlueprint '/Game/Maimenu.Maimenu:PersistentLevel.Maimenu' with GeneratedClass '/Game/Maimenu.Maimenu_C' with ClassGeneratedBy '/Game/Maimenu.Maimenu:PersistentLevel.Maimenu'
[2016.01.09-18.55.31:652][368]LogBlueprintUserMessages: Early EndPlayMap Detection: Level '/Game/Loading.Loading:PersistentLevel' has LevelScriptBlueprint '/Game/Loading.Loading:PersistentLevel.Loading' with GeneratedClass '/Game/Loading.Loading_C' with ClassGeneratedBy '/Game/Loading.Loading:PersistentLevel.Loading'
[2016.01.09-18.55.31:652][368]LogBlueprintUserMessages: Early EndPlayMap Detection: Level '/Game/NewGame.NewGame:PersistentLevel' has LevelScriptBlueprint '/Game/NewGame.NewGame:PersistentLevel.NewGame' with GeneratedClass '/Game/NewGame.NewGame_C' with ClassGeneratedBy '/Game/NewGame.NewGame:PersistentLevel.NewGame'
[2016.01.09-18.55.31:698][368]LogBlueprintUserMessages: Late EndPlayMap Detection: Level '/Game/Maimenu.Maimenu:PersistentLevel' has LevelScriptBlueprint '/Game/Maimenu.Maimenu:PersistentLevel.Maimenu' with GeneratedClass '/Game/Maimenu.Maimenu_C' with ClassGeneratedBy '/Game/Maimenu.Maimenu:PersistentLevel.Maimenu'
[2016.01.09-18.55.31:698][368]LogBlueprintUserMessages: Late EndPlayMap Detection: Level '/Game/Loading.Loading:PersistentLevel' has LevelScriptBlueprint '/Game/Loading.Loading:PersistentLevel.Loading' with GeneratedClass '/Game/Loading.Loading_C' with ClassGeneratedBy '/Game/Loading.Loading:PersistentLevel.Loading'
[2016.01.09-18.55.31:698][368]LogBlueprintUserMessages: Late EndPlayMap Detection: Level '/Game/NewGame.NewGame:PersistentLevel' has LevelScriptBlueprint '/Game/NewGame.NewGame:PersistentLevel.NewGame' with GeneratedClass '/Game/NewGame.NewGame_C' with ClassGeneratedBy '/Game/NewGame.NewGame:PersistentLevel.NewGame'
[2016.01.09-18.55.31:760][368]LogParticles: Destroying 0 GPU particle simulations for FXSystem 0x000000CA371947C0
[2016.01.09-19.16.12:516][783]LogWindowsTextInputMethodSystem:Display: IME system now deactivated.
[2016.01.09-19.16.12:780][784]Cmd: QUIT_EDITOR
[2016.01.09-19.16.13:027][784]LogExit: Preparing to exit.
[2016.01.09-19.16.14:013][784]LogExit: Editor shut down
[2016.01.09-19.16.14:014][784]LogExit: Transaction tracking system shut down
[2016.01.09-19.16.14:060][784]LogParticles: Destroying 0 GPU particle simulations for FXSystem 0x000000CA2A3A87C0
[2016.01.09-19.16.14:060][784]LogParticles: Destroying 0 GPU particle simulations for FXSystem 0x000000CA389EEC00
[2016.01.09-19.16.14:301][784]LogParticles: Destroying 0 GPU particle simulations for FXSystem 0x000000CA073E9F80
[2016.01.09-19.16.14:301][784]LogExit: Object subsystem successfully closed.
[2016.01.09-19.16.14:406][784]LogD3D11RHI: Shutdown
[2016.01.09-19.16.14:406][784]LogD3D11RHI: CleanupD3DDevice
[2016.01.09-19.16.14:410][784]LogD3D11RHI: ~FD3D11DynamicRHI
[2016.01.09-19.16.14:431][784]LogModuleManager: Shutting down and abandoning module ExternalImagePicker (193)
[2016.01.09-19.16.14:431][784]LogModuleManager: Shutting down and abandoning module CrashTracker (192)
[2016.01.09-19.16.14:431][784]LogModuleManager: Shutting down and abandoning module SceneOutliner (191)
[2016.01.09-19.16.14:431][784]LogModuleManager: Shutting down and abandoning module SuperSearch (190)
[2016.01.09-19.16.14:431][784]LogModuleManager: Shutting down and abandoning module WidgetCarousel (189)
[2016.01.09-19.16.14:431][784]LogModuleManager: Shutting down and abandoning module AddContentDialog (188)
[2016.01.09-19.16.14:433][784]LogModuleManager: Shutting down and abandoning module EditorWidgets (187)
[2016.01.09-19.16.14:433][784]LogModuleManager: Shutting down and abandoning module CollectionManager (186)
[2016.01.09-19.16.14:433][784]LogModuleManager: Shutting down and abandoning module StatsViewer (185)
[2016.01.09-19.16.14:433][784]LogModuleManager: Shutting down and abandoning module FoliageEdit (184)
[2016.01.09-19.16.14:433][784]LogModuleManager: Shutting down and abandoning module LandscapeEditor (183)
[2016.01.09-19.16.14:434][784]LogModuleManager: Shutting down and abandoning module ActorPickerMode (182)
[2016.01.09-19.16.14:434][784]LogModuleManager: Shutting down and abandoning module GeometryMode (181)
[2016.01.09-19.16.14:434][784]LogModuleManager: Shutting down and abandoning module TextureAlignMode (180)
[2016.01.09-19.16.14:434][784]LogModuleManager: Shutting down and abandoning module BspMode (179)
[2016.01.09-19.16.14:434][784]LogModuleManager: Shutting down and abandoning module PlacementMode (178)
[2016.01.09-19.16.14:434][784]LogModuleManager: Shutting down and abandoning module AutomationWorker (177)
[2016.01.09-19.16.14:434][784]LogModuleManager: Shutting down and abandoning module CharacterAI (176)
[2016.01.09-19.16.14:435][784]LogModuleManager: Shutting down and abandoning module SmartSnapping (175)
[2016.01.09-19.16.14:435][784]LogModuleManager: Shutting down and abandoning module ViewportSnapping (174)
[2016.01.09-19.16.14:435][784]LogModuleManager: Shutting down and abandoning module LogVisualizer (173)
[2016.01.09-19.16.14:435][784]LogModuleManager: Shutting down and abandoning module GameProjectGeneration (172)
[2016.01.09-19.16.14:435][784]LogModuleManager: Shutting down and abandoning module IntroTutorials (171)
[2016.01.09-19.16.14:436][784]LogModuleManager: Shutting down and abandoning module EditorLiveStreaming (170)
[2016.01.09-19.16.14:436][784]LogModuleManager: Shutting down and abandoning module IOSPlatformEditor (169)
[2016.01.09-19.16.14:436][784]LogModuleManager: Shutting down and abandoning module HTML5PlatformEditor (168)
[2016.01.09-19.16.14:436][784]LogModuleManager: Shutting down and abandoning module AndroidDeviceDetection (167)
[2016.01.09-19.16.14:484][784]LogModuleManager: Shutting down and abandoning module AndroidPlatformEditor (166)
[2016.01.09-19.16.14:484][784]LogModuleManager: Shutting down and abandoning module IOSRuntimeSettings (165)
[2016.01.09-19.16.14:484][784]LogModuleManager: Shutting down and abandoning module AndroidRuntimeSettings (164)
[2016.01.09-19.16.14:484][784]LogModuleManager: Shutting down and abandoning module MergeActors (163)
[2016.01.09-19.16.14:484][784]LogModuleManager: Shutting down and abandoning module SizeMap (162)
[2016.01.09-19.16.14:484][784]LogModuleManager: Shutting down and abandoning module TreeMap (161)
[2016.01.09-19.16.14:486][784]LogModuleManager: Shutting down and abandoning module ReferenceViewer (160)
[2016.01.09-19.16.14:486][784]LogModuleManager: Shutting down and abandoning module LocalizationService (159)
[2016.01.09-19.16.14:486][784]LogModuleManager: Shutting down and abandoning module LocalizationDashboard (158)
[2016.01.09-19.16.14:486][784]LogModuleManager: Shutting down and abandoning module HardwareTargeting (157)
[2016.01.09-19.16.14:486][784]LogModuleManager: Shutting down and abandoning module DeviceProfileEditor (156)
[2016.01.09-19.16.14:486][784]LogModuleManager: Shutting down and abandoning module UndoHistory (155)
[2016.01.09-19.16.14:486][784]LogModuleManager: Shutting down and abandoning module GameplayTagsEditor (154)
[2016.01.09-19.16.14:486][784]LogModuleManager: Shutting down and abandoning module UserFeedback (153)
[2016.01.09-19.16.14:486][784]LogModuleManager: Shutting down and abandoning module XmlParser (152)
[2016.01.09-19.16.14:486][784]LogModuleManager: Shutting down and abandoning module Blutility (151)
[2016.01.09-19.16.14:486][784]LogModuleManager: Shutting down and abandoning module ProjectTargetPlatformEditor (150)
[2016.01.09-19.16.14:486][784]LogModuleManager: Shutting down and abandoning module ProjectSettingsViewer (149)
[2016.01.09-19.16.14:486][784]LogModuleManager: Shutting down and abandoning module InputBindingEditor (148)
[2016.01.09-19.16.14:487][784]LogModuleManager: Shutting down and abandoning module EditorSettingsViewer (147)
[2016.01.09-19.16.14:487][784]LogModuleManager: Shutting down and abandoning module SettingsEditor (146)
[2016.01.09-19.16.14:487][784]LogModuleManager: Shutting down and abandoning module ProjectLauncher (145)
[2016.01.09-19.16.14:487][784]LogModuleManager: Shutting down and abandoning module SessionFrontend (144)
[2016.01.09-19.16.14:487][784]LogModuleManager: Shutting down and abandoning module ProfilerClient (143)
[2016.01.09-19.16.14:487][784]LogModuleManager: Shutting down and abandoning module TargetDeviceServices (142)
[2016.01.09-19.16.14:487][784]LogModuleManager: Shutting down and abandoning module DeviceManager (141)
[2016.01.09-19.16.14:488][784]LogModuleManager: Shutting down and abandoning module AutomationController (140)
[2016.01.09-19.16.14:488][784]LogModuleManager: Shutting down and abandoning module AutomationWindow (139)
[2016.01.09-19.16.14:488][784]LogModuleManager: Shutting down and abandoning module Layers (138)
[2016.01.09-19.16.14:489][784]LogModuleManager: Shutting down and abandoning module ComponentVisualizers (137)
[2016.01.09-19.16.14:489][784]LogModuleManager: Shutting down and abandoning module DetailCustomizations (136)
[2016.01.09-19.16.14:490][784]LogModuleManager: Shutting down and abandoning module PackagesDialog (135)
[2016.01.09-19.16.14:490][784]LogModuleManager: Shutting down and abandoning module Persona (134)
[2016.01.09-19.16.14:490][784]LogModuleManager: Shutting down and abandoning module Kismet (133)
[2016.01.09-19.16.14:490][784]LogModuleManager: Shutting down and abandoning module GraphEditor (132)
[2016.01.09-19.16.14:490][784]LogModuleManager: Shutting down and abandoning module ClassViewer (131)
[2016.01.09-19.16.14:491][784]LogModuleManager: Shutting down and abandoning module Toolbox (130)
[2016.01.09-19.16.14:491][784]LogModuleManager: Shutting down and abandoning module ModuleUI (129)
[2016.01.09-19.16.14:493][784]LogModuleManager: Shutting down and abandoning module MovieSceneTools (128)
[2016.01.09-19.16.14:493][784]LogModuleManager: Shutting down and abandoning module OutputLog (127)
[2016.01.09-19.16.14:493][784]LogModuleManager: Shutting down and abandoning module GammaUI (126)
[2016.01.09-19.16.14:493][784]LogModuleManager: Shutting down and abandoning module Documentation (125)
[2016.01.09-19.16.14:493][784]LogModuleManager: Shutting down and abandoning module GameLiveStreaming (124)
[2016.01.09-19.16.14:493][784]LogModuleManager: Shutting down and abandoning module StreamingPauseRendering (123)
[2016.01.09-19.16.14:493][784]LogModuleManager: Shutting down and abandoning module AnalyticsET (122)
[2016.01.09-19.16.14:493][784]LogModuleManager: Shutting down and abandoning module Analytics (121)
[2016.01.09-19.16.14:493][784]LogModuleManager: Shutting down and abandoning module AITestSuite (120)
[2016.01.09-19.16.14:493][784]LogModuleManager: Shutting down and abandoning module GameplayDebugger (119)
[2016.01.09-19.16.14:493][784]LogModuleManager: Shutting down and abandoning module AIModule (118)
[2016.01.09-19.16.14:493][784]LogModuleManager: Shutting down and abandoning module ProfilerService (117)
[2016.01.09-19.16.14:724][784]LogModuleManager: Shutting down and abandoning module TaskGraph (116)
[2016.01.09-19.16.14:724][784]LogModuleManager: Shutting down and abandoning module SlateRemote (115)
[2016.01.09-19.16.14:724][784]LogModuleManager: Shutting down and abandoning module SteamVRController (114)
[2016.01.09-19.16.14:724][784]LogModuleManager: Shutting down and abandoning module SteamVR (113)
[2016.01.09-19.16.14:724][784]LogModuleManager: Shutting down and abandoning module ProceduralMeshComponent (112)
[2016.01.09-19.16.14:724][784]LogModuleManager: Shutting down and abandoning module OculusRift (111)
[2016.01.09-19.16.14:724][784]LogModuleManager: Shutting down and abandoning module OculusLibrary (110)
[2016.01.09-19.16.14:724][784]LogModuleManager: Shutting down and abandoning module LeapMotionController (109)
[2016.01.09-19.16.14:743][784]LogModuleManager: Shutting down and abandoning module CustomMeshComponent (108)
[2016.01.09-19.16.14:743][784]LogModuleManager: Shutting down and abandoning module CableComponent (107)
[2016.01.09-19.16.14:743][784]LogModuleManager: Shutting down and abandoning module ArchVisCharacter (106)
[2016.01.09-19.16.14:743][784]LogModuleManager: Shutting down and abandoning module MessagingDebugger (105)
[2016.01.09-19.16.14:745][784]LogModuleManager: Shutting down and abandoning module MediaPlayerEditor (104)
[2016.01.09-19.16.14:745][784]LogModuleManager: Shutting down and abandoning module HTML5Networking (103)
[2016.01.09-19.16.14:745][784]LogModuleManager: Shutting down and abandoning module SpeedTreeImporter (102)
[2016.01.09-19.16.14:745][784]LogModuleManager: Shutting down and abandoning module PluginBrowser (101)
[2016.01.09-19.16.14:745][784]LogModuleManager: Shutting down and abandoning module EpicSurvey (100)
[2016.01.09-19.16.14:745][784]LogModuleManager: Shutting down and abandoning module DesktopPlatform (99)
[2016.01.09-19.16.14:745][784]LogModuleManager: Shutting down and abandoning module VisualStudioSourceCodeAccess (98)
[2016.01.09-19.16.14:745][784]LogModuleManager: Shutting down and abandoning module UObjectPlugin (97)
[2016.01.09-19.16.14:745][784]LogModuleManager: Shutting down and abandoning module SubversionSourceControl (96)
[2016.01.09-19.16.14:745][784]LogModuleManager: Shutting down and abandoning module PerforceSourceControl (95)
[2016.01.09-19.16.14:745][784]LogModuleManager: Shutting down and abandoning module SourceControl (94)
[2016.01.09-19.16.14:745][784]LogModuleManager: Shutting down and abandoning module GitSourceControl (93)
[2016.01.09-19.16.14:745][784]LogModuleManager: Shutting down and abandoning module LightPropagationVolumeEditor (92)
[2016.01.09-19.16.14:745][784]LogModuleManager: Shutting down and abandoning module PaperTiledImporter (91)
[2016.01.09-19.16.14:745][784]LogModuleManager: Shutting down and abandoning module PaperSpriteSheetImporter (90)
[2016.01.09-19.16.14:745][784]LogModuleManager: Shutting down and abandoning module MeshPaint (89)
[2016.01.09-19.16.14:745][784]LogModuleManager: Shutting down and abandoning module SlateReflector (88)
[2016.01.09-19.16.14:746][784]LogModuleManager: Shutting down and abandoning module HotReload (87)
[2016.01.09-19.16.14:746][784]LogModuleManager: Shutting down and abandoning module MainFrame (86)
[2016.01.09-19.16.14:746][784]LogModuleManager: Shutting down and abandoning module LevelEditor (85)
[2016.01.09-19.16.14:747][784]LogModuleManager: Shutting down and abandoning module DirectoryWatcher (84)
[2016.01.09-19.16.14:747][784]LogModuleManager: Shutting down and abandoning module AssetRegistry (83)
[2016.01.09-19.16.14:897][784]LogModuleManager: Shutting down and abandoning module ContentBrowser (82)
[2016.01.09-19.16.14:897][784]LogModuleManager: Shutting down and abandoning module Paper2DEditor (81)
[2016.01.09-19.16.14:899][784]LogModuleManager: Shutting down and abandoning module UdpMessaging (80)
[2016.01.09-19.16.14:999][784]LogModuleManager: Shutting down and abandoning module LightPropagationVolumeRuntime (79)
[2016.01.09-19.16.14:999][784]LogModuleManager: Shutting down and abandoning module Paper2D (78)
[2016.01.09-19.16.14:999][784]LogModuleManager: Shutting down and abandoning module WindowsMoviePlayer (77)
[2016.01.09-19.16.15:010][784]LogModuleManager: Shutting down and abandoning module Media (76)
[2016.01.09-19.16.15:010][784]LogModuleManager: Shutting down and abandoning module WmfMedia (75)
[2016.01.09-19.16.15:010][784]LogModuleManager: Shutting down and abandoning module OnlineBlueprintSupport (74)
[2016.01.09-19.16.15:010][784]LogModuleManager: Shutting down and abandoning module GameplayTasksEditor (73)
[2016.01.09-19.16.15:011][784]LogModuleManager: Shutting down and abandoning module PropertyEditor (72)
[2016.01.09-19.16.15:011][784]LogModuleManager: Shutting down and abandoning module BehaviorTreeEditor (71)
[2016.01.09-19.16.15:011][784]LogModuleManager: Shutting down and abandoning module FunctionalTesting (70)
[2016.01.09-19.16.15:011][784]LogModuleManager: Shutting down and abandoning module CollisionAnalyzer (69)
[2016.01.09-19.16.15:011][784]LogModuleManager: Shutting down and abandoning module WorkspaceMenuStructure (68)
[2016.01.09-19.16.15:011][784]LogModuleManager: Shutting down and abandoning module MessageLog (67)
[2016.01.09-19.16.15:011][784]LogModuleManager: Shutting down and abandoning module Sequencer (66)
[2016.01.09-19.16.15:012][784]LogModuleManager: Shutting down and abandoning module AssetTools (65)
[2016.01.09-19.16.15:013][784]LogModuleManager: Shutting down and abandoning module UMGEditor (64)
[2016.01.09-19.16.15:014][784]LogModuleManager: Shutting down and abandoning module UMG (63)
[2016.01.09-19.16.15:014][784]LogModuleManager: Shutting down and abandoning module Slate (62)
[2016.01.09-19.16.15:014][784]LogModuleManager: Shutting down and abandoning module EditorStyle (61)
[2016.01.09-19.16.15:015][784]LogModuleManager: Shutting down and abandoning module SessionServices (60)
[2016.01.09-19.16.15:015][784]LogModuleManager: Shutting down and abandoning module SourceCodeAccess (59)
[2016.01.09-19.16.15:015][784]LogModuleManager: Shutting down and abandoning module HeadMountedDisplay (58)
[2016.01.09-19.16.15:015][784]LogModuleManager: Shutting down and abandoning module XAudio2 (57)
[2016.01.09-19.16.15:015][784]LogModuleManager: Shutting down and abandoning module Networking (55)
[2016.01.09-19.16.15:015][784]LogModuleManager: Shutting down and abandoning module Core (54)
[2016.01.09-19.16.15:015][784]LogModuleManager: Shutting down and abandoning module KismetCompiler (53)
[2016.01.09-19.16.15:015][784]LogModuleManager: Shutting down and abandoning module PhysXFormats (52)
[2016.01.09-19.16.15:015][784]LogModuleManager: Shutting down and abandoning module MeshUtilities (51)
[2016.01.09-19.16.15:016][784]LogModuleManager: Shutting down and abandoning module CookingStats (50)
[2016.01.09-19.16.15:018][784]LogModuleManager: Shutting down and abandoning module DerivedDataCache (49)
[2016.01.09-19.16.15:028][784]LogDerivedDataCache: Shutdown
[2016.01.09-19.16.15:028][784]LogModuleManager: Shutting down and abandoning module ShaderFormatOpenGL (48)
[2016.01.09-19.16.15:029][784]LogModuleManager: Shutting down and abandoning module ShaderFormatD3D (47)
[2016.01.09-19.16.15:029][784]LogModuleManager: Shutting down and abandoning module MetalShaderFormat (46)
[2016.01.09-19.16.15:029][784]LogModuleManager: Shutting down and abandoning module TextureFormatUncompressed (45)
[2016.01.09-19.16.15:029][784]LogModuleManager: Shutting down and abandoning module TextureFormatPVR (44)
[2016.01.09-19.16.15:029][784]LogModuleManager: Shutting down and abandoning module TextureFormatIntelISPCTexComp (43)
[2016.01.09-19.16.15:029][784]LogModuleManager: Shutting down and abandoning module TextureFormatDXT (42)
[2016.01.09-19.16.15:029][784]LogModuleManager: Shutting down and abandoning module ImageWrapper (41)
[2016.01.09-19.16.15:029][784]LogModuleManager: Shutting down and abandoning module TextureFormatASTC (40)
[2016.01.09-19.16.15:029][784]LogModuleManager: Shutting down and abandoning module AudioFormatOpus (39)
[2016.01.09-19.16.15:029][784]LogModuleManager: Shutting down and abandoning module AudioFormatOgg (38)
[2016.01.09-19.16.15:029][784]LogModuleManager: Shutting down and abandoning module AudioFormatADPCM (37)
[2016.01.09-19.16.15:029][784]LogModuleManager: Shutting down and abandoning module Messaging (36)
[2016.01.09-19.16.15:029][784]LogModuleManager: Shutting down and abandoning module IOSTargetPlatform (35)
[2016.01.09-19.16.15:029][784]LogModuleManager: Shutting down and abandoning module HTML5TargetPlatform (34)
[2016.01.09-19.16.15:029][784]LogModuleManager: Shutting down and abandoning module Android_PVRTCTargetPlatform (33)
[2016.01.09-19.16.15:029][784]LogModuleManager: Shutting down and abandoning module Android_ETC2TargetPlatform (32)
[2016.01.09-19.16.15:029][784]LogModuleManager: Shutting down and abandoning module Android_ETC1TargetPlatform (31)
[2016.01.09-19.16.15:029][784]LogModuleManager: Shutting down and abandoning module Android_DXTTargetPlatform (30)
[2016.01.09-19.16.15:029][784]LogModuleManager: Shutting down and abandoning module Android_ATCTargetPlatform (29)
[2016.01.09-19.16.15:029][784]LogModuleManager: Shutting down and abandoning module Android_ASTCTargetPlatform (28)
[2016.01.09-19.16.15:029][784]LogModuleManager: Shutting down and abandoning module AndroidTargetPlatform (27)
[2016.01.09-19.16.15:029][784]LogModuleManager: Shutting down and abandoning module WindowsTargetPlatform (26)
[2016.01.09-19.16.15:029][784]LogModuleManager: Shutting down and abandoning module WindowsServerTargetPlatform (25)
[2016.01.09-19.16.15:029][784]LogModuleManager: Shutting down and abandoning module WindowsNoEditorTargetPlatform (24)
[2016.01.09-19.16.15:029][784]LogModuleManager: Shutting down and abandoning module WindowsClientTargetPlatform (23)
[2016.01.09-19.16.15:029][784]LogModuleManager: Shutting down and abandoning module AllDesktopTargetPlatform (22)
[2016.01.09-19.16.15:029][784]LogModuleManager: Shutting down and abandoning module TargetPlatform (21)
[2016.01.09-19.16.15:029][784]LogModuleManager: Shutting down and abandoning module InputCore (20)
[2016.01.09-19.16.15:029][784]LogModuleManager: Shutting down and abandoning module Settings (19)
[2016.01.09-19.16.15:029][784]LogModuleManager: Shutting down and abandoning module OnlineSubsystem (17)
[2016.01.09-19.16.15:029][784]LogModuleManager: Shutting down and abandoning module HTTP (16)
[2016.01.09-19.16.17:032][784]LogModuleManager: Shutting down and abandoning module ExampleDeviceProfileSelector (15)
[2016.01.09-19.16.17:032][784]LogModuleManager: Shutting down and abandoning module TextureCompressor (14)
[2016.01.09-19.16.17:032][784]LogModuleManager: Shutting down and abandoning module ShaderCore (13)
[2016.01.09-19.16.17:032][784]LogModuleManager: Shutting down and abandoning module Landscape (12)
[2016.01.09-19.16.17:032][784]LogModuleManager: Shutting down and abandoning module SlateRHIRenderer (11)
[2016.01.09-19.16.17:035][784]LogModuleManager: Shutting down and abandoning module OpenGLDrv (10)
[2016.01.09-19.16.17:036][784]LogModuleManager: Shutting down and abandoning module D3D11RHI (9)
[2016.01.09-19.16.17:036][784]LogModuleManager: Shutting down and abandoning module AnimGraphRuntime (8)
[2016.01.09-19.16.17:036][784]LogModuleManager: Shutting down and abandoning module Renderer (7)
[2016.01.09-19.16.17:036][784]LogModuleManager: Shutting down and abandoning module Engine (6)
[2016.01.09-19.16.17:036][784]LogModuleManager: Shutting down and abandoning module CoreUObject (5)
[2016.01.09-19.16.17:036][784]LogModuleManager: Shutting down and abandoning module NetworkFile (4)
[2016.01.09-19.16.17:036][784]LogModuleManager: Shutting down and abandoning module StreamingFile (3)
[2016.01.09-19.16.17:036][784]LogModuleManager: Shutting down and abandoning module SandboxFile (2)
[2016.01.09-19.16.17:037][784]LogModuleManager: Shutting down and abandoning module PakFile (1)
[2016.01.09-19.16.17:038][784]LogExit: Exiting.
[2016.01.09-19.16.17:039][784]Log file closed, 01/09/16 23:16:17
