[2016.01.09-20.08.30:765][  0]Log file open, 01/10/16 00:08:30
[2016.01.09-20.08.30:765][  0]LogInit:Display: Running engine for game: NVIDIA_TechDemos
[2016.01.09-20.08.30:765][  0]LogInit:Display: RandInit(855145289) SRandInit(855145289).
[2016.01.09-20.08.30:765][  0]LogTaskGraph: Started task graph with 4 named threads and 7 total threads.
[2016.01.09-20.08.30:765][  0]LogStats: Stats thread started at 0.101974
[2016.01.09-20.08.30:765][  0]LogInit: Version: 4.9.2-2707645+++depot+UE4-Releases+4.9
[2016.01.09-20.08.30:765][  0]LogInit: API Version: 2672455
[2016.01.09-20.08.30:765][  0]LogInit: Compiled (64-bit): Sep 28 2015 10:25:44
[2016.01.09-20.08.30:765][  0]LogInit: Compiled with Visual C++: 18.00.21005.01
[2016.01.09-20.08.30:765][  0]LogInit: Build Configuration: Development
[2016.01.09-20.08.30:765][  0]LogInit: Branch Name: ++depot+UE4-Releases+4.9
[2016.01.09-20.08.30:765][  0]LogInit: Command line:  
[2016.01.09-20.08.30:765][  0]LogInit: Base directory: C:/Program Files/Epic Games/4.9/Engine/Binaries/Win64/
[2016.01.09-20.08.30:765][  0]LogInit: Rocket: 1
[2016.01.09-20.08.30:774][  0]LogInit: Using libcurl 7.41.0
[2016.01.09-20.08.30:774][  0]LogInit:  - built for x86_64-pc-win32
[2016.01.09-20.08.30:774][  0]LogInit:  - supports SSL with WinSSL
[2016.01.09-20.08.30:774][  0]LogInit:  - other features:
[2016.01.09-20.08.30:774][  0]LogInit:      CURL_VERSION_SSL
[2016.01.09-20.08.30:774][  0]LogInit:      CURL_VERSION_IPV6
[2016.01.09-20.08.30:774][  0]LogInit:      CURL_VERSION_ASYNCHDNS
[2016.01.09-20.08.30:774][  0]LogInit:      CURL_VERSION_LARGEFILE
[2016.01.09-20.08.30:774][  0]LogInit:      CURL_VERSION_IDN
[2016.01.09-20.08.30:774][  0]LogInit:  CurlRequestOptions (configurable via config and command line):
[2016.01.09-20.08.30:774][  0]LogInit:  - bVerifyPeer = true  - Libcurl will verify peer certificate
[2016.01.09-20.08.30:774][  0]LogInit:  - bUseHttpProxy = false  - Libcurl will NOT use HTTP proxy
[2016.01.09-20.08.30:774][  0]LogInit:  - bDontReuseConnections = false  - Libcurl will reuse connections
[2016.01.09-20.08.30:774][  0]LogInit:  - CertBundlePath = nullptr  - Libcurl will use whatever was configured at build time.
[2016.01.09-20.08.30:783][  0]LogInit: Presizing for 0 objects not considered by GC, pre-allocating 0 bytes.
[2016.01.09-20.08.30:790][  0]LogInit: Object subsystem initialized
[2016.01.09-20.08.30:792][  0]LogInit: Selected Device Profile: [Windows]
[2016.01.09-20.08.30:792][  0]LogInit: Applying CVar settings loaded from the selected device profile: [Windows]
[2016.01.09-20.08.30:800][  0]LogInit: Computer: S-X
[2016.01.09-20.08.30:800][  0]LogInit: User: S
[2016.01.09-20.08.30:800][  0]LogInit: CPU Page size=4096, Cores=4
[2016.01.09-20.08.30:800][  0]LogInit: High frequency timer resolution =3.312791 MHz
[2016.01.09-20.08.30:800][  0]LogMemory: Memory total: Physical=9.9GB (10GB approx)
[2016.01.09-20.08.30:800][  0]LogMemory: Platform Memory Stats for Windows
[2016.01.09-20.08.30:800][  0]LogMemory: Process Physical Memory: 52.84 MB used, 52.84 MB peak
[2016.01.09-20.08.30:800][  0]LogMemory: Process Virtual Memory: 54.99 MB used, 54.99 MB peak
[2016.01.09-20.08.30:800][  0]LogMemory: Physical Memory: 7134.89 MB used, 10151.52 MB total
[2016.01.09-20.08.30:800][  0]LogMemory: Virtual Memory: 348.86 MB used, 8388608.00 MB total
[2016.01.09-20.08.30:851][  0]LogTextLocalizationManager: No translations for ('ru-RU') exist, falling back to 'en' for localization and internationalization data.
[2016.01.09-20.08.31:480][  0]LogD3D11RHI: Found D3D11 adapter 0: NVIDIA GeForce GTX 970 (Feature Level 11_0)
[2016.01.09-20.08.31:480][  0]LogD3D11RHI: Adapter has 3989MB of dedicated video memory, 0MB of dedicated system memory, and 4819MB of shared system memory, 1 output[s]
[2016.01.09-20.08.31:482][  0]LogD3D11RHI: Found D3D11 adapter 1: Intel(R) HD Graphics (Feature Level 10_0)
[2016.01.09-20.08.31:482][  0]LogD3D11RHI: Adapter has 32MB of dedicated video memory, 0MB of dedicated system memory, and 1632MB of shared system memory, 0 output[s]
[2016.01.09-20.08.31:483][  0]LogD3D11RHI: Found D3D11 adapter 2: Microsoft Basic Render Driver (Feature Level 11_0)
[2016.01.09-20.08.31:483][  0]LogD3D11RHI: Adapter has 0MB of dedicated video memory, 0MB of dedicated system memory, and 256MB of shared system memory, 0 output[s]
[2016.01.09-20.08.31:483][  0]LogD3D11RHI: Chosen D3D11 Adapter Id = 0
[2016.01.09-20.08.31:520][  0]LogD3D11RHI: !Direct3DDevice
[2016.01.09-20.08.31:520][  0]LogRHI: Texture pool is 1361 MB (70% of 1945 MB)
[2016.01.09-20.08.31:528][  0]LogD3D11RHI: Async texture creation enabled
[2016.01.09-20.08.31:543][  0]LogShaderCompilers: Guid format shader working directory is 13 characters bigger than the processId version (E:/Project/GameWip/GameWip2/Intermediate/Shaders/WorkingDirectory/204660/).
[2016.01.09-20.08.31:544][  0]LogShaderCompilers: Cleaned the shader compiler working directory 'E:/Project/GameWip/GameWip2/Intermediate/Shaders/tmp/CEC5064B463E50167F8672B75330EA59/'.
[2016.01.09-20.08.31:544][  0]LogShaderCompilers:Display: Using Local Shader Compiler.
[2016.01.09-20.08.32:980][  0]LogTemp:Display: Loaded TP AllDesktopTargetPlatform
[2016.01.09-20.08.32:986][  0]LogTemp:Display: Loaded TP WindowsClientTargetPlatform
[2016.01.09-20.08.32:992][  0]LogTemp:Display: Loaded TP WindowsNoEditorTargetPlatform
[2016.01.09-20.08.32:997][  0]LogTemp:Display: Loaded TP WindowsServerTargetPlatform
[2016.01.09-20.08.33:003][  0]LogTemp:Display: Loaded TP WindowsTargetPlatform
[2016.01.09-20.08.33:007][  0]LogTemp:Display: Loaded TP AndroidTargetPlatform
[2016.01.09-20.08.33:012][  0]LogTemp:Display: Loaded TP Android_ASTCTargetPlatform
[2016.01.09-20.08.33:016][  0]LogTemp:Display: Loaded TP Android_ATCTargetPlatform
[2016.01.09-20.08.33:020][  0]LogTemp:Display: Loaded TP Android_DXTTargetPlatform
[2016.01.09-20.08.33:024][  0]LogTemp:Display: Loaded TP Android_ETC1TargetPlatform
[2016.01.09-20.08.33:028][  0]LogTemp:Display: Loaded TP Android_ETC2TargetPlatform
[2016.01.09-20.08.33:032][  0]LogTemp:Display: Loaded TP Android_PVRTCTargetPlatform
[2016.01.09-20.08.33:034][  0]LogTemp:Display: Loaded TP HTML5TargetPlatform
[2016.01.09-20.08.33:053][  0]LogTemp:Display: Loaded TP IOSTargetPlatform
[2016.01.09-20.08.33:056][  0]LogTemp:Display: Loaded TP LinuxNoEditorTargetPlatform
[2016.01.09-20.08.33:060][  0]LogTemp:Display: Loaded TP LinuxServerTargetPlatform
[2016.01.09-20.08.33:065][  0]LogTemp:Display: Loaded TP LinuxTargetPlatform
[2016.01.09-20.08.33:065][  0]LogTargetPlatformManager:Display: Building Assets For Windows
[2016.01.09-20.08.33:164][  0]LogDerivedDataCache:Display: Max Cache Size: 512 MB
[2016.01.09-20.08.33:410][  0]LogDerivedDataCache: Loaded boot cache 0.25s 42MB C:/Users/S/AppData/Local/UnrealEngine/4.9/DerivedDataCache/Boot.ddc.
[2016.01.09-20.08.33:410][  0]LogDerivedDataCache:Display: Loaded Boot cache: C:/Users/S/AppData/Local/UnrealEngine/4.9/DerivedDataCache/Boot.ddc
[2016.01.09-20.08.33:410][  0]LogDerivedDataCache: FDerivedDataBackendGraph:  Pak pak cache file E:/Project/GameWip/GameWip2/DerivedDataCache/DDC.ddp not found, will not use a pak cache.
[2016.01.09-20.08.33:410][  0]LogDerivedDataCache: Unable to find inner node Pak for hierarchical cache Hierarchy.
[2016.01.09-20.08.33:410][  0]LogDerivedDataCache: FDerivedDataBackendGraph:  CompressedPak pak cache file E:/Project/GameWip/GameWip2/DerivedDataCache/Compressed.ddp not found, will not use a pak cache.
[2016.01.09-20.08.33:410][  0]LogDerivedDataCache: Unable to find inner node CompressedPak for hierarchical cache Hierarchy.
[2016.01.09-20.08.33:564][  0]LogDerivedDataCache:Display: Pak cache opened for reading ../../../Engine/DerivedDataCache/Compressed.ddp.
[2016.01.09-20.08.33:576][  0]LogDerivedDataCache: Using Local data cache path C:/Users/S/AppData/Local/UnrealEngine/Common/DerivedDataCache: Writable
[2016.01.09-20.08.33:996][  0]LogCollisionProfile:Warning: Profile (OverlapAll) - Custom Channel Name = 'Turbulence' hasn't been found
[2016.01.09-20.08.33:996][  0]LogCollisionProfile:Warning: Profile (FlexProxy) - Custom Channel Name = 'Flex' hasn't been found
[2016.01.09-20.08.33:996][  0]LogCollisionProfile:Warning: Profile (Turbulence) ObjectTypeName (Turbulence) is invalid. 
[2016.01.09-20.08.34:018][  0]LogInit: Selected Device Profile: [Windows]
[2016.01.09-20.08.34:022][  0]LogContentStreaming: Texture pool size is 0.000000MB
[2016.01.09-20.08.34:146][  0]LogMeshUtilities: No automatic mesh reduction module available
[2016.01.09-20.08.34:146][  0]LogMeshUtilities: No automatic mesh merging module available
[2016.01.09-20.08.34:404][  0]LogInit: WinSock: version 1.1 (2.2), MaxSocks=32767, MaxUdp=65467
[2016.01.09-20.08.35:861][  0]UdpMessaging: Initializing bridge on interface 0.0.0.0:0 to multicast group 230.0.0.1:6666.
[2016.01.09-20.08.35:976][  0]LogAssetRegistry: FAssetRegistry took 0.0108 seconds to start up
[2016.01.09-20.08.36:149][  0]SourceControl: Info Source control is disabled
[2016.01.09-20.08.36:150][  0]SourceControl: Info Source control is disabled
[2016.01.09-20.08.36:160][  0]SourceControl: Info Source control is disabled
[2016.01.09-20.08.36:170][  0]SourceControl: Info Source control is disabled
[2016.01.09-20.08.36:340][  0]LogLinker:Warning: Asset '../../../Engine/Plugins/Runtime/LeapMotionController/Content/LM_PassthroughMaterial.uasset' has been saved with empty engine version. The asset will be loaded but may be incompatible.
[2016.01.09-20.08.36:419][  0]LogObj: 28364 objects as part of root set at end of initial load.
[2016.01.09-20.08.36:419][  0]LogUObjectAllocator: 6039728 out of 0 bytes used by permanent object pool.
[2016.01.09-20.08.36:486][  0]LogEngine: Initializing Engine...
[2016.01.09-20.08.36:490][  0]LogHMD: Can't find Oculus library dev build: is proper Runtime installed? Version: 0.7.0.0
[2016.01.09-20.08.36:492][  0]LogHMD: SteamVR failed to initialize.  Err: 110
[2016.01.09-20.08.36:647][  0]LogAIModule: Creating AISystem for world NewWorld
[2016.01.09-20.08.36:652][  0]LogInit: XAudio2 using 'Наушники гарнитуры (2- Plantronics USB Headset)' : 2 channels at 48 kHz using 16 bits per sample (channel mask 0x3)
[2016.01.09-20.08.36:659][  0]LogInit: FAudioDevice initialized.
[2016.01.09-20.08.36:682][  0]LogDerivedDataCache: Saved boot cache 0.02s 42MB C:/Users/S/AppData/Local/UnrealEngine/4.9/DerivedDataCache/Boot.ddc.
[2016.01.09-20.08.36:689][  0]LogInit: Texture streaming: Enabled
[2016.01.09-20.08.36:696][  0]LogAnalytics: Creating configured Analytics provider AnalyticsET
[2016.01.09-20.08.36:696][  0]LogAnalytics: [UEEditor.Rocket.Release] APIServer = http://et2.epicgames.com/ET2/. AppVersion = 4.9.2-2707645+++depot+UE4-Releases+4.9
[2016.01.09-20.08.36:696][  0]LogAnalytics: [UEEditor.Rocket.Release] SetUserId 7b9e80cd4fd12e015457a8883a9c54be|6ae2d016fbd74d2281dff41d397ed704|1778eade-75a4-4c4d-8d0e-65098575f4f3
[2016.01.09-20.08.36:696][  0]LogAnalytics: [UEEditor.Rocket.Release] AnalyticsET::StartSession
[2016.01.09-20.08.36:817][  0]LogInit: Transaction tracking system initialized
[2016.01.09-20.08.36:850][  0]BlueprintLog: New page: Editor Load
[2016.01.09-20.08.36:954][  0]LocalizationService: Info Localization service is disabled
[2016.01.09-20.08.37:015][  0]LogLinker:Warning: Can't find file '/Engine/Tutorial/Basics/LevelEditorAttract'
[2016.01.09-20.08.37:015][  0]LogLinker:Warning: Can't find file '/Engine/Tutorial/Basics/LevelEditorAttract'
[2016.01.09-20.08.37:015][  0]LogUObjectGlobals:Warning: Failed to find object 'Class /Engine/Tutorial/Basics/LevelEditorAttract.LevelEditorAttract_C'
[2016.01.09-20.08.37:015][  0]LogLinker:Warning: Can't find file '/Engine/Tutorial/Landscape/Landscape_Manage_Mode'
[2016.01.09-20.08.37:015][  0]LogLinker:Warning: Can't find file '/Engine/Tutorial/Landscape/Landscape_Manage_Mode'
[2016.01.09-20.08.37:015][  0]LogUObjectGlobals:Warning: Failed to find object 'Class /Engine/Tutorial/Landscape/Landscape_Manage_Mode.Landscape_Manage_Mode_C'
[2016.01.09-20.08.37:018][  0]LogLinker:Warning: Can't find file '/Engine/Tutorial/ContentIntroCurve'
[2016.01.09-20.08.37:018][  0]LogLinker:Warning: Can't find file '/Engine/Tutorial/ContentIntroCurve'
[2016.01.09-20.08.37:019][  0]LogUObjectGlobals:Warning: Failed to find object 'CurveFloat /Engine/Tutorial/ContentIntroCurve.ContentIntroCurve'
[2016.01.09-20.08.37:035][  0]LogConsoleResponse:Display: 
[2016.01.09-20.08.37:176][  0]LogCook:Display: Done creating registry. It took  0.00s.
[2016.01.09-20.08.37:239][  0]LogFileCache: Scanning file cache for directory 'E:/Project/GameWip/GameWip2/Content/' took 0.02s
[2016.01.09-20.08.37:239][  0]SourceControl: Info Source control is disabled
[2016.01.09-20.08.37:239][  0]Cmd: MAP LOAD FILE="E:/Project/GameWip/GameWip2/Content/Maimenu.umap" TEMPLATE=0 SHOWPROGRESS=1 FEATURELEVEL=3
[2016.01.09-20.08.37:239][  0]LightingResults: New page: Lighting Build
[2016.01.09-20.08.37:242][  0]MapCheck: New page: Map Check
[2016.01.09-20.08.37:242][  0]LightingResults: New page: Lighting Build
[2016.01.09-20.08.37:254][  0]LogParticles: Destroying 0 GPU particle simulations for FXSystem 0x000000C116E6C400
[2016.01.09-20.08.37:313][  0]LogLinker:Warning: Asset 'E:/Project/GameWip/GameWip2/Content/Dino/RootMot.uasset' has been saved with empty engine version. The asset will be loaded but may be incompatible.
[2016.01.09-20.08.37:461][  0]LogLinker:Warning: Asset 'E:/Project/GameWip/GameWip2/Content/StarterContent/Materials/M_Metal_Steel.uasset' has been saved with empty engine version. The asset will be loaded but may be incompatible.
[2016.01.09-20.08.37:499][  0]LogLinker:Warning: Asset 'E:/Project/GameWip/GameWip2/Content/AI/StormTrooper.uasset' has been saved with empty engine version. The asset will be loaded but may be incompatible.
[2016.01.09-20.08.37:529][  0]LogLinker:Warning: Asset 'E:/Project/GameWip/GameWip2/Content/Blueprints/Behavior/botCharacter.uasset' has been saved with empty engine version. The asset will be loaded but may be incompatible.
[2016.01.09-20.08.37:579][  0]LogLinker:Warning: Asset 'E:/Project/GameWip/GameWip2/Content/OurNewHero/BulletAI.uasset' has been saved with empty engine version. The asset will be loaded but may be incompatible.
[2016.01.09-20.08.37:743][  0]LogLinker:Warning: Asset 'E:/Project/GameWip/GameWip2/Content/StarterContent/Materials/M_Basic_Wall.uasset' has been saved with empty engine version. The asset will be loaded but may be incompatible.
[2016.01.09-20.08.37:744][  0]LogLinker:Warning: Asset 'E:/Project/GameWip/GameWip2/Content/StarterContent/Particles/P_Explosion.uasset' has been saved with empty engine version. The asset will be loaded but may be incompatible.
[2016.01.09-20.08.37:770][  0]LogLinker:Warning: Asset 'E:/Project/GameWip/GameWip2/Content/StormTrooper/Npc.uasset' has been saved with empty engine version. The asset will be loaded but may be incompatible.
[2016.01.09-20.08.37:789][  0]LogLinker:Warning: Asset 'E:/Project/GameWip/GameWip2/Content/ThirdPersonBP/Blueprints/DinoENPC.uasset' has been saved with empty engine version. The asset will be loaded but may be incompatible.
[2016.01.09-20.08.38:328][  0]LogLinker:Warning: Asset 'E:/Project/GameWip/GameWip2/Content/UI/Mup.uasset' has been saved with empty engine version. The asset will be loaded but may be incompatible.
[2016.01.09-20.08.38:329][  0]LogLinker:Warning: Asset 'E:/Project/GameWip/GameWip2/Content/UI/MapText_Mat.uasset' has been saved with empty engine version. The asset will be loaded but may be incompatible.
[2016.01.09-20.08.38:329][  0]LogLinker:Warning: Asset 'E:/Project/GameWip/GameWip2/Content/UI/MapText.uasset' has been saved with empty engine version. The asset will be loaded but may be incompatible.
[2016.01.09-20.08.38:334][  0]LogLinker:Warning: Asset 'E:/Project/GameWip/GameWip2/Content/OurNewHero/Items/GunBP.uasset' has been saved with empty engine version. The asset will be loaded but may be incompatible.
[2016.01.09-20.08.38:492][  0]LogLinker:Warning: Asset 'E:/Project/GameWip/GameWip2/Content/SciFiWeapDark/FX/Particles/P_Pistol_Tracer_Light2.uasset' has been saved with empty engine version. The asset will be loaded but may be incompatible.
[2016.01.09-20.08.38:510][  0]LogLinker:Warning: Asset 'E:/Project/GameWip/GameWip2/Content/OurNewHero/HomingMissle/HomingMissile2.uasset' has been saved with empty engine version. The asset will be loaded but may be incompatible.
[2016.01.09-20.08.39:660][  0]LogLinker:Warning: Asset 'E:/Project/GameWip/GameWip2/Content/QualityMenu/Hud/SettingsMenuMain.uasset' has been saved with empty engine version. The asset will be loaded but may be incompatible.
[2016.01.09-20.08.39:690][  0]LogLinker:Warning: Asset 'E:/Project/GameWip/GameWip2/Content/Blueprints/UMG/MainMenu.uasset' has been saved with empty engine version. The asset will be loaded but may be incompatible.
[2016.01.09-20.08.39:703][  0]LogLinker:Warning: Asset 'E:/Project/GameWip/GameWip2/Content/QualityMenu/Hud/SettingsMenuAudioConfig.uasset' has been saved with empty engine version. The asset will be loaded but may be incompatible.
[2016.01.09-20.08.39:857][  0]LogLinker:Warning: Asset 'E:/Project/GameWip/GameWip2/Content/QualityMenu/Hud/SettingsMenuMouseConfig.uasset' has been saved with empty engine version. The asset will be loaded but may be incompatible.
[2016.01.09-20.08.39:955][  0]LogLinker:Warning: Asset 'E:/Project/GameWip/GameWip2/Content/QualityMenu/Hud/SettingsMenuMyCustomConfig.uasset' has been saved with empty engine version. The asset will be loaded but may be incompatible.
[2016.01.09-20.08.40:070][  0]LogLinker:Warning: Asset 'E:/Project/GameWip/GameWip2/Content/QualityMenu/Hud/SettingsMenuVideoConfig.uasset' has been saved with empty engine version. The asset will be loaded but may be incompatible.
[2016.01.09-20.08.42:076][  0]LogLinker:Warning: Asset 'E:/Project/GameWip/GameWip2/Content/Blueprints/Behavior/botTree.uasset' has been saved with empty engine version. The asset will be loaded but may be incompatible.
[2016.01.09-20.08.42:088][  0]LogLinker:Warning: Asset 'E:/Project/GameWip/GameWip2/Content/Blueprints/Behavior/BTS_botDetectEnemy.uasset' has been saved with empty engine version. The asset will be loaded but may be incompatible.
[2016.01.09-20.08.42:103][  0]LogLinker:Warning: Asset 'E:/Project/GameWip/GameWip2/Content/Boba_FettUnarmed/New/RootMotionController/RootMotionController.uasset' has been saved with empty engine version. The asset will be loaded but may be incompatible.
[2016.01.09-20.08.42:114][  0]LogLinker:Warning: Asset 'E:/Project/GameWip/GameWip2/Content/Boba_FettUnarmed/New/RootMotionController/RootMotionController_Anim_Copy.uasset' has been saved with empty engine version. The asset will be loaded but may be incompatible.
[2016.01.09-20.08.42:121][  0]LogLinker:Warning: Asset 'E:/Project/GameWip/GameWip2/Content/Boba_FettUnarmed/New/Climb1m_Copy.uasset' has been saved with empty engine version. The asset will be loaded but may be incompatible.
[2016.01.09-20.08.42:122][  0]LogLinker:Warning: Asset 'E:/Project/GameWip/GameWip2/Content/Boba_FettUnarmed/New/Bobo_Skeleton.uasset' has been saved with empty engine version. The asset will be loaded but may be incompatible.
[2016.01.09-20.08.42:123][  0]LogLinker:Warning: Asset 'E:/Project/GameWip/GameWip2/Content/Boba_FettUnarmed/New/FallingLoop_RootMotion_Copy.uasset' has been saved with empty engine version. The asset will be loaded but may be incompatible.
[2016.01.09-20.08.42:124][  0]LogLinker:Warning: Asset 'E:/Project/GameWip/GameWip2/Content/Boba_FettUnarmed/New/Idle_Copy.uasset' has been saved with empty engine version. The asset will be loaded but may be incompatible.
[2016.01.09-20.08.42:125][  0]LogLinker:Warning: Asset 'E:/Project/GameWip/GameWip2/Content/Boba_FettUnarmed/New/JumpWalk_LU_Land_Copy.uasset' has been saved with empty engine version. The asset will be loaded but may be incompatible.
[2016.01.09-20.08.42:127][  0]LogLinker:Warning: Asset 'E:/Project/GameWip/GameWip2/Content/Boba_FettUnarmed/New/JumpWalkStart_LU_Copy.uasset' has been saved with empty engine version. The asset will be loaded but may be incompatible.
[2016.01.09-20.08.42:128][  0]LogLinker:Warning: Asset 'E:/Project/GameWip/GameWip2/Content/Boba_FettUnarmed/New/RunFwdTurn180_L_LU_Copy.uasset' has been saved with empty engine version. The asset will be loaded but may be incompatible.
[2016.01.09-20.08.42:129][  0]LogLinker:Warning: Asset 'E:/Project/GameWip/GameWip2/Content/Boba_FettUnarmed/New/RunFwdTurn180_R_LU_Copy.uasset' has been saved with empty engine version. The asset will be loaded but may be incompatible.
[2016.01.09-20.08.42:130][  0]LogLinker:Warning: Asset 'E:/Project/GameWip/GameWip2/Content/Boba_FettUnarmed/New/StartWalkRun_Copy.uasset' has been saved with empty engine version. The asset will be loaded but may be incompatible.
[2016.01.09-20.08.42:130][  0]LogLinker:Warning: Asset 'E:/Project/GameWip/GameWip2/Content/Boba_FettUnarmed/New/RunFwdStart135_L_Copy.uasset' has been saved with empty engine version. The asset will be loaded but may be incompatible.
[2016.01.09-20.08.42:132][  0]LogLinker:Warning: Asset 'E:/Project/GameWip/GameWip2/Content/Boba_FettUnarmed/New/RunFwdStart135_R_Copy.uasset' has been saved with empty engine version. The asset will be loaded but may be incompatible.
[2016.01.09-20.08.42:133][  0]LogLinker:Warning: Asset 'E:/Project/GameWip/GameWip2/Content/Boba_FettUnarmed/New/RunFwdStart180_L_Copy.uasset' has been saved with empty engine version. The asset will be loaded but may be incompatible.
[2016.01.09-20.08.42:134][  0]LogLinker:Warning: Asset 'E:/Project/GameWip/GameWip2/Content/Boba_FettUnarmed/New/RunFwdStart180_R_Copy.uasset' has been saved with empty engine version. The asset will be loaded but may be incompatible.
[2016.01.09-20.08.42:134][  0]LogLinker:Warning: Asset 'E:/Project/GameWip/GameWip2/Content/Boba_FettUnarmed/New/RunFwdStart90_L_Copy.uasset' has been saved with empty engine version. The asset will be loaded but may be incompatible.
[2016.01.09-20.08.42:135][  0]LogLinker:Warning: Asset 'E:/Project/GameWip/GameWip2/Content/Boba_FettUnarmed/New/RunFwdStart90_R_Copy.uasset' has been saved with empty engine version. The asset will be loaded but may be incompatible.
[2016.01.09-20.08.42:136][  0]LogLinker:Warning: Asset 'E:/Project/GameWip/GameWip2/Content/Boba_FettUnarmed/New/RunFwdStart_Copy.uasset' has been saved with empty engine version. The asset will be loaded but may be incompatible.
[2016.01.09-20.08.42:137][  0]LogLinker:Warning: Asset 'E:/Project/GameWip/GameWip2/Content/Boba_FettUnarmed/New/WalkFwdStart135_L_Copy.uasset' has been saved with empty engine version. The asset will be loaded but may be incompatible.
[2016.01.09-20.08.42:138][  0]LogLinker:Warning: Asset 'E:/Project/GameWip/GameWip2/Content/Boba_FettUnarmed/New/WalkFwdStart135_R_Copy.uasset' has been saved with empty engine version. The asset will be loaded but may be incompatible.
[2016.01.09-20.08.42:139][  0]LogLinker:Warning: Asset 'E:/Project/GameWip/GameWip2/Content/Boba_FettUnarmed/New/WalkFwdStart180_L_Copy.uasset' has been saved with empty engine version. The asset will be loaded but may be incompatible.
[2016.01.09-20.08.42:140][  0]LogLinker:Warning: Asset 'E:/Project/GameWip/GameWip2/Content/Boba_FettUnarmed/New/WalkFwdStart180_R_Copy.uasset' has been saved with empty engine version. The asset will be loaded but may be incompatible.
[2016.01.09-20.08.42:141][  0]LogLinker:Warning: Asset 'E:/Project/GameWip/GameWip2/Content/Boba_FettUnarmed/New/WalkFwdStart90_L_Copy.uasset' has been saved with empty engine version. The asset will be loaded but may be incompatible.
[2016.01.09-20.08.42:142][  0]LogLinker:Warning: Asset 'E:/Project/GameWip/GameWip2/Content/Boba_FettUnarmed/New/WalkFwdStart90_R_Copy.uasset' has been saved with empty engine version. The asset will be loaded but may be incompatible.
[2016.01.09-20.08.42:143][  0]LogLinker:Warning: Asset 'E:/Project/GameWip/GameWip2/Content/Boba_FettUnarmed/New/WalkFwdStart_Copy.uasset' has been saved with empty engine version. The asset will be loaded but may be incompatible.
[2016.01.09-20.08.42:146][  0]LogLinker:Warning: Asset 'E:/Project/GameWip/GameWip2/Content/Boba_FettUnarmed/New/StopWalkRun_Copy.uasset' has been saved with empty engine version. The asset will be loaded but may be incompatible.
[2016.01.09-20.08.42:146][  0]LogLinker:Warning: Asset 'E:/Project/GameWip/GameWip2/Content/Boba_FettUnarmed/New/RunFwdStop_LU_Copy.uasset' has been saved with empty engine version. The asset will be loaded but may be incompatible.
[2016.01.09-20.08.42:147][  0]LogLinker:Warning: Asset 'E:/Project/GameWip/GameWip2/Content/Boba_FettUnarmed/New/RunFwdStop_RU_Copy.uasset' has been saved with empty engine version. The asset will be loaded but may be incompatible.
[2016.01.09-20.08.42:148][  0]LogLinker:Warning: Asset 'E:/Project/GameWip/GameWip2/Content/Boba_FettUnarmed/New/WalkFwdStop_LU_Copy.uasset' has been saved with empty engine version. The asset will be loaded but may be incompatible.
[2016.01.09-20.08.42:149][  0]LogLinker:Warning: Asset 'E:/Project/GameWip/GameWip2/Content/Boba_FettUnarmed/New/WalkFwdStop_RU_Copy.uasset' has been saved with empty engine version. The asset will be loaded but may be incompatible.
[2016.01.09-20.08.42:151][  0]LogLinker:Warning: Asset 'E:/Project/GameWip/GameWip2/Content/Boba_FettUnarmed/New/WalkRunArch_Copy.uasset' has been saved with empty engine version. The asset will be loaded but may be incompatible.
[2016.01.09-20.08.42:151][  0]LogLinker:Warning: Asset 'E:/Project/GameWip/GameWip2/Content/Boba_FettUnarmed/New/RunArchLoop_L_Copy.uasset' has been saved with empty engine version. The asset will be loaded but may be incompatible.
[2016.01.09-20.08.42:152][  0]LogLinker:Warning: Asset 'E:/Project/GameWip/GameWip2/Content/Boba_FettUnarmed/New/RunArchLoop_R_Copy.uasset' has been saved with empty engine version. The asset will be loaded but may be incompatible.
[2016.01.09-20.08.42:153][  0]LogLinker:Warning: Asset 'E:/Project/GameWip/GameWip2/Content/Boba_FettUnarmed/New/RunFwdLoop_Copy.uasset' has been saved with empty engine version. The asset will be loaded but may be incompatible.
[2016.01.09-20.08.42:154][  0]LogLinker:Warning: Asset 'E:/Project/GameWip/GameWip2/Content/Boba_FettUnarmed/New/SprintFwdLoop_Copy.uasset' has been saved with empty engine version. The asset will be loaded but may be incompatible.
[2016.01.09-20.08.42:154][  0]LogLinker:Warning: Asset 'E:/Project/GameWip/GameWip2/Content/Boba_FettUnarmed/New/WalkArchLoop_L_Copy.uasset' has been saved with empty engine version. The asset will be loaded but may be incompatible.
[2016.01.09-20.08.42:155][  0]LogLinker:Warning: Asset 'E:/Project/GameWip/GameWip2/Content/Boba_FettUnarmed/New/WalkArchLoop_R_Copy.uasset' has been saved with empty engine version. The asset will be loaded but may be incompatible.
[2016.01.09-20.08.42:156][  0]LogLinker:Warning: Asset 'E:/Project/GameWip/GameWip2/Content/Boba_FettUnarmed/New/WalkFwdLoop_Copy.uasset' has been saved with empty engine version. The asset will be loaded but may be incompatible.
[2016.01.09-20.08.42:277][  0]LogLinker:Warning: Asset 'E:/Project/GameWip/GameWip2/Content/Boba_FettUnarmed/New/BobaV2.uasset' has been saved with empty engine version. The asset will be loaded but may be incompatible.
[2016.01.09-20.08.42:278][  0]LogLinker:Warning: Asset 'E:/Project/GameWip/GameWip2/Content/Boba_FettUnarmed/New/Materials/01_Jacket.uasset' has been saved with empty engine version. The asset will be loaded but may be incompatible.
[2016.01.09-20.08.42:279][  0]LogLinker:Warning: Asset 'E:/Project/GameWip/GameWip2/Content/Boba_FettUnarmed/New/Materials/LC_Smuggler_A01_ALBEDO.uasset' has been saved with empty engine version. The asset will be loaded but may be incompatible.
[2016.01.09-20.08.42:280][  0]LogLinker:Warning: Asset 'E:/Project/GameWip/GameWip2/Content/Boba_FettUnarmed/New/Materials/01_Pants_Button.uasset' has been saved with empty engine version. The asset will be loaded but may be incompatible.
[2016.01.09-20.08.42:281][  0]LogLinker:Warning: Asset 'E:/Project/GameWip/GameWip2/Content/Boba_FettUnarmed/New/Materials/01_Pants_Main.uasset' has been saved with empty engine version. The asset will be loaded but may be incompatible.
[2016.01.09-20.08.42:282][  0]LogLinker:Warning: Asset 'E:/Project/GameWip/GameWip2/Content/Boba_FettUnarmed/New/Materials/01_Pants_Trim.uasset' has been saved with empty engine version. The asset will be loaded but may be incompatible.
[2016.01.09-20.08.42:283][  0]LogLinker:Warning: Asset 'E:/Project/GameWip/GameWip2/Content/Boba_FettUnarmed/New/Materials/01_TSHirt_Bttns_Wire.uasset' has been saved with empty engine version. The asset will be loaded but may be incompatible.
[2016.01.09-20.08.42:284][  0]LogLinker:Warning: Asset 'E:/Project/GameWip/GameWip2/Content/Boba_FettUnarmed/New/Materials/01_TShirt_Buttons.uasset' has been saved with empty engine version. The asset will be loaded but may be incompatible.
[2016.01.09-20.08.42:284][  0]LogLinker:Warning: Asset 'E:/Project/GameWip/GameWip2/Content/Boba_FettUnarmed/New/Materials/01_TShirt_Fabric.uasset' has been saved with empty engine version. The asset will be loaded but may be incompatible.
[2016.01.09-20.08.42:285][  0]LogLinker:Warning: Asset 'E:/Project/GameWip/GameWip2/Content/Boba_FettUnarmed/New/Materials/02_Boots_Buckles.uasset' has been saved with empty engine version. The asset will be loaded but may be incompatible.
[2016.01.09-20.08.42:286][  0]LogLinker:Warning: Asset 'E:/Project/GameWip/GameWip2/Content/Boba_FettUnarmed/New/Materials/lc_Smuggler_A02_ALBEDO.uasset' has been saved with empty engine version. The asset will be loaded but may be incompatible.
[2016.01.09-20.08.42:287][  0]LogLinker:Warning: Asset 'E:/Project/GameWip/GameWip2/Content/Boba_FettUnarmed/New/Materials/02_Boots_Leather.uasset' has been saved with empty engine version. The asset will be loaded but may be incompatible.
[2016.01.09-20.08.42:288][  0]LogLinker:Warning: Asset 'E:/Project/GameWip/GameWip2/Content/Boba_FettUnarmed/New/Materials/02_Boots_Soles.uasset' has been saved with empty engine version. The asset will be loaded but may be incompatible.
[2016.01.09-20.08.42:289][  0]LogLinker:Warning: Asset 'E:/Project/GameWip/GameWip2/Content/Boba_FettUnarmed/New/Materials/02_Hip_Belt.uasset' has been saved with empty engine version. The asset will be loaded but may be incompatible.
[2016.01.09-20.08.42:290][  0]LogLinker:Warning: Asset 'E:/Project/GameWip/GameWip2/Content/Boba_FettUnarmed/New/Materials/02_Hip_Belt_Buckles.uasset' has been saved with empty engine version. The asset will be loaded but may be incompatible.
[2016.01.09-20.08.42:290][  0]LogLinker:Warning: Asset 'E:/Project/GameWip/GameWip2/Content/Boba_FettUnarmed/New/Materials/02_Hip_Belt_Buckles_CL_PantsHD3_2.uasset' has been saved with empty engine version. The asset will be loaded but may be incompatible.
[2016.01.09-20.08.42:291][  0]LogLinker:Warning: Asset 'E:/Project/GameWip/GameWip2/Content/Boba_FettUnarmed/New/Materials/4_Gums.uasset' has been saved with empty engine version. The asset will be loaded but may be incompatible.
[2016.01.09-20.08.42:292][  0]LogLinker:Warning: Asset 'E:/Project/GameWip/GameWip2/Content/Boba_FettUnarmed/New/Materials/4_JP_M63_teeth.uasset' has been saved with empty engine version. The asset will be loaded but may be incompatible.
[2016.01.09-20.08.42:293][  0]LogLinker:Warning: Asset 'E:/Project/GameWip/GameWip2/Content/Boba_FettUnarmed/New/Materials/4_InnerMouth.uasset' has been saved with empty engine version. The asset will be loaded but may be incompatible.
[2016.01.09-20.08.42:294][  0]LogLinker:Warning: Asset 'E:/Project/GameWip/GameWip2/Content/Boba_FettUnarmed/New/Materials/4_Teeth.uasset' has been saved with empty engine version. The asset will be loaded but may be incompatible.
[2016.01.09-20.08.42:294][  0]LogLinker:Warning: Asset 'E:/Project/GameWip/GameWip2/Content/Boba_FettUnarmed/New/Materials/4_Tongue.uasset' has been saved with empty engine version. The asset will be loaded but may be incompatible.
[2016.01.09-20.08.42:295][  0]LogLinker:Warning: Asset 'E:/Project/GameWip/GameWip2/Content/Boba_FettUnarmed/New/Materials/5_Iris.uasset' has been saved with empty engine version. The asset will be loaded but may be incompatible.
[2016.01.09-20.08.42:296][  0]LogLinker:Warning: Asset 'E:/Project/GameWip/GameWip2/Content/Boba_FettUnarmed/New/Materials/5_JP_M63_eyes04.uasset' has been saved with empty engine version. The asset will be loaded but may be incompatible.
[2016.01.09-20.08.42:297][  0]LogLinker:Warning: Asset 'E:/Project/GameWip/GameWip2/Content/Boba_FettUnarmed/New/Materials/5_Lacrimal.uasset' has been saved with empty engine version. The asset will be loaded but may be incompatible.
[2016.01.09-20.08.42:298][  0]LogLinker:Warning: Asset 'E:/Project/GameWip/GameWip2/Content/Boba_FettUnarmed/New/Materials/5_JP_M63_eyesb.uasset' has been saved with empty engine version. The asset will be loaded but may be incompatible.
[2016.01.09-20.08.42:299][  0]LogLinker:Warning: Asset 'E:/Project/GameWip/GameWip2/Content/Boba_FettUnarmed/New/Materials/5_Pupil.uasset' has been saved with empty engine version. The asset will be loaded but may be incompatible.
[2016.01.09-20.08.42:300][  0]LogLinker:Warning: Asset 'E:/Project/GameWip/GameWip2/Content/Boba_FettUnarmed/New/Materials/6_Eyelash.uasset' has been saved with empty engine version. The asset will be loaded but may be incompatible.
[2016.01.09-20.08.42:300][  0]LogLinker:Warning: Asset 'E:/Project/GameWip/GameWip2/Content/Boba_FettUnarmed/New/Materials/6_JP_M63_lashes.uasset' has been saved with empty engine version. The asset will be loaded but may be incompatible.
[2016.01.09-20.08.42:301][  0]LogLinker:Warning: Asset 'E:/Project/GameWip/GameWip2/Content/Boba_FettUnarmed/New/Materials/7_Tear.uasset' has been saved with empty engine version. The asset will be loaded but may be incompatible.
[2016.01.09-20.08.42:302][  0]LogLinker:Warning: Asset 'E:/Project/GameWip/GameWip2/Content/Boba_FettUnarmed/New/Materials/7_JP_M63_eyesurface.uasset' has been saved with empty engine version. The asset will be loaded but may be incompatible.
[2016.01.09-20.08.42:303][  0]LogLinker:Warning: Asset 'E:/Project/GameWip/GameWip2/Content/ExampleContent/Skin/Materials/HumanBody.uasset' has been saved with empty engine version. The asset will be loaded but may be incompatible.
[2016.01.09-20.08.42:303][  0]LogLinker:Warning: Asset 'E:/Project/GameWip/GameWip2/Content/ExampleContent/Skin/Materials/SkinMasterBody.uasset' has been saved with empty engine version. The asset will be loaded but may be incompatible.
[2016.01.09-20.08.42:307][  0]LogLinker:Warning: Asset 'E:/Project/GameWip/GameWip2/Content/ExampleContent/Skin/Materials/BlendNormalsAndRoughness.uasset' has been saved with empty engine version. The asset will be loaded but may be incompatible.
[2016.01.09-20.08.42:309][  0]LogLinker:Warning: Asset 'E:/Project/GameWip/GameWip2/Content/Boba_FettUnarmed/New/Materials/2_JP_M63_Normal.uasset' has been saved with empty engine version. The asset will be loaded but may be incompatible.
[2016.01.09-20.08.42:309][  0]LogLinker:Warning: Asset 'E:/Project/GameWip/GameWip2/Content/Boba_FettUnarmed/New/Materials/2_JP_M63_torsoSpecular.uasset' has been saved with empty engine version. The asset will be loaded but may be incompatible.
[2016.01.09-20.08.42:310][  0]LogLinker:Warning: Asset 'E:/Project/GameWip/GameWip2/Content/Boba_FettUnarmed/New/Materials/3_JP_M63_limbs01.uasset' has been saved with empty engine version. The asset will be loaded but may be incompatible.
[2016.01.09-20.08.42:311][  0]LogLinker:Warning: Asset 'E:/Project/GameWip/GameWip2/Content/ExampleContent/Skin/Textures/HumanSkinPores_N.uasset' has been saved with empty engine version. The asset will be loaded but may be incompatible.
[2016.01.09-20.08.42:311][  0]LogLinker:Warning: Asset 'E:/Project/GameWip/GameWip2/Content/ExampleContent/Skin/Textures/HumanSkinPores_S.uasset' has been saved with empty engine version. The asset will be loaded but may be incompatible.
[2016.01.09-20.08.42:312][  0]LogLinker:Warning: Asset 'E:/Project/GameWip/GameWip2/Content/ExampleContent/Skin/Textures/RoughnessMod.uasset' has been saved with empty engine version. The asset will be loaded but may be incompatible.
[2016.01.09-20.08.42:316][  0]LogLinker:Warning: Asset 'E:/Project/GameWip/GameWip2/Content/Boba_FettUnarmed/New/Materials/2_JP_M63_torso01.uasset' has been saved with empty engine version. The asset will be loaded but may be incompatible.
[2016.01.09-20.08.42:317][  0]LogLinker:Warning: Asset 'E:/Project/GameWip/GameWip2/Content/ExampleContent/Skin/Materials/HumanEyes.uasset' has been saved with empty engine version. The asset will be loaded but may be incompatible.
[2016.01.09-20.08.42:318][  0]LogLinker:Warning: Asset 'E:/Project/GameWip/GameWip2/Content/ExampleContent/Skin/Materials/EyesMaster.uasset' has been saved with empty engine version. The asset will be loaded but may be incompatible.
[2016.01.09-20.08.42:319][  0]LogLinker:Warning: Asset 'E:/Project/GameWip/GameWip2/Content/Boba_FettUnarmed/New/Materials/EyeBall_normal.uasset' has been saved with empty engine version. The asset will be loaded but may be incompatible.
[2016.01.09-20.08.42:320][  0]LogLinker:Warning: Asset 'E:/Project/GameWip/GameWip2/Content/Boba_FettUnarmed/New/Materials/Eyes.uasset' has been saved with empty engine version. The asset will be loaded but may be incompatible.
[2016.01.09-20.08.42:321][  0]LogLinker:Warning: Asset 'E:/Project/GameWip/GameWip2/Content/Boba_FettUnarmed/New/Materials/EyesNormal.uasset' has been saved with empty engine version. The asset will be loaded but may be incompatible.
[2016.01.09-20.08.42:322][  0]LogLinker:Warning: Asset 'E:/Project/GameWip/GameWip2/Content/Boba_FettUnarmed/New/Materials/EyesSP.uasset' has been saved with empty engine version. The asset will be loaded but may be incompatible.
[2016.01.09-20.08.42:326][  0]LogLinker:Warning: Asset 'E:/Project/GameWip/GameWip2/Content/ExampleContent/Skin/Materials/HumanLimbs.uasset' has been saved with empty engine version. The asset will be loaded but may be incompatible.
[2016.01.09-20.08.42:327][  0]LogLinker:Warning: Asset 'E:/Project/GameWip/GameWip2/Content/ExampleContent/Skin/Materials/HumanSclera.uasset' has been saved with empty engine version. The asset will be loaded but may be incompatible.
[2016.01.09-20.08.42:328][  0]LogLinker:Warning: Asset 'E:/Project/GameWip/GameWip2/Content/ExampleContent/Skin/Materials/ScleraMaster.uasset' has been saved with empty engine version. The asset will be loaded but may be incompatible.
[2016.01.09-20.08.42:330][  0]LogLinker:Warning: Asset 'E:/Project/GameWip/GameWip2/Content/Boba_FettUnarmed/New/Materials/ScleraSpecular.uasset' has been saved with empty engine version. The asset will be loaded but may be incompatible.
[2016.01.09-20.08.42:334][  0]LogLinker:Warning: Asset 'E:/Project/GameWip/GameWip2/Content/ExampleContent/Skin/Materials/HumanSkin.uasset' has been saved with empty engine version. The asset will be loaded but may be incompatible.
[2016.01.09-20.08.42:335][  0]LogLinker:Warning: Asset 'E:/Project/GameWip/GameWip2/Content/ExampleContent/Skin/Materials/SkinMaster.uasset' has been saved with empty engine version. The asset will be loaded but may be incompatible.
[2016.01.09-20.08.42:337][  0]LogLinker:Warning: Asset 'E:/Project/GameWip/GameWip2/Content/Boba_FettUnarmed/New/Materials/1_JP_M63_scarz01.uasset' has been saved with empty engine version. The asset will be loaded but may be incompatible.
[2016.01.09-20.08.42:337][  0]LogLinker:Warning: Asset 'E:/Project/GameWip/GameWip2/Content/Boba_FettUnarmed/New/Materials/1_JP_M63normal.uasset' has been saved with empty engine version. The asset will be loaded but may be incompatible.
[2016.01.09-20.08.42:338][  0]LogLinker:Warning: Asset 'E:/Project/GameWip/GameWip2/Content/Boba_FettUnarmed/New/Materials/JM_FalconHeadScruff2sp.uasset' has been saved with empty engine version. The asset will be loaded but may be incompatible.
[2016.01.09-20.08.42:349][  0]LogLinker:Warning: Asset 'E:/Project/GameWip/GameWip2/Content/Boba_FettUnarmed/New/Bobo_PhysicsAsset.uasset' has been saved with empty engine version. The asset will be loaded but may be incompatible.
[2016.01.09-20.08.42:352][  0]LogLinker:Warning: Asset 'E:/Project/GameWip/GameWip2/Content/HairWorks/Hair/Alex/Hair.uasset' has been saved with empty engine version. The asset will be loaded but may be incompatible.
[2016.01.09-20.08.42:354][  0]LogLinker:Warning: Asset 'E:/Project/GameWip/GameWip2/Content/Geometry/Meshes/CubeMaterial.uasset' has been saved with empty engine version. The asset will be loaded but may be incompatible.
[2016.01.09-20.08.42:537][  0]LogLinker:Warning: Asset 'E:/Project/GameWip/GameWip2/Content/Boba_FettUnarmed/New/RootMotionController/RunAccelerationCurve.uasset' has been saved with empty engine version. The asset will be loaded but may be incompatible.
[2016.01.09-20.08.42:543][  0]LogLinker:Warning: Asset 'E:/Project/GameWip/GameWip2/Content/HairWorks/Hair/Alex/gm_main.uasset' has been saved with empty engine version. The asset will be loaded but may be incompatible.
[2016.01.09-20.08.42:544][  0]LogLinker:Warning: Asset 'E:/Project/GameWip/GameWip2/Content/HairWorks/Hair/Alex/Alex_clump.uasset' has been saved with empty engine version. The asset will be loaded but may be incompatible.
[2016.01.09-20.08.42:544][  0]LogLinker:Warning: Asset 'E:/Project/GameWip/GameWip2/Content/HairWorks/Hair/Alex/Alex_wave.uasset' has been saved with empty engine version. The asset will be loaded but may be incompatible.
[2016.01.09-20.08.42:794][  0]LogBlueprint:Error: Broken Node: K2Node_MacroInstance /Game/Blueprints/Behavior/BTS_botDetectEnemy.BTS_botDetectEnemy:EventGraph.K2Node_MacroInstance_9524 keeps removed/invalid pin: EdGraphPin /Game/Blueprints/Behavior/BTS_botDetectEnemy.BTS_botDetectEnemy:EventGraph.K2Node_MacroInstance_9524.EdGraphPin_159414. Try refresh all nodes.
[2016.01.09-20.08.42:795][  0]LogBlueprint:Error: Broken Node: K2Node_CallFunction /Game/Blueprints/Behavior/BTS_botDetectEnemy.BTS_botDetectEnemy:EventGraph.K2Node_CallFunction_712674 keeps removed/invalid pin: EdGraphPin /Game/Blueprints/Behavior/BTS_botDetectEnemy.BTS_botDetectEnemy:EventGraph.K2Node_CallFunction_712674.EdGraphPin_159528. Try refresh all nodes.
[2016.01.09-20.08.42:798][  0]LogBlueprint:Error: Broken Node: K2Node_CommutativeAssociativeBinaryOperator /Game/Blueprints/Behavior/BTS_botDetectEnemy.BTS_botDetectEnemy:EventGraph.K2Node_CommutativeAssociativeBinaryOperator_343 keeps removed/invalid pin: EdGraphPin /Game/Blueprints/Behavior/BTS_botDetectEnemy.BTS_botDetectEnemy:EventGraph.K2Node_CommutativeAssociativeBinaryOperator_343.EdGraphPin_159851. Try refresh all nodes.
[2016.01.09-20.08.42:826][  0]LogLinker:Warning: Asset 'E:/Project/GameWip/GameWip2/Content/Blueprints/Behavior/BTT_botAttackEnemy.uasset' has been saved with empty engine version. The asset will be loaded but may be incompatible.
[2016.01.09-20.08.42:961][  0]LogLinker:Warning: Asset 'E:/Project/GameWip/GameWip2/Content/Effects/ParticleSystems/Weapons/AssaultRifle/Muzzle/P_AssaultRifle_MF.uasset' has been saved with empty engine version. The asset will be loaded but may be incompatible.
[2016.01.09-20.08.45:743][  0]LogBlueprint:Error: Broken Node: K2Node_MacroInstance /Game/Blueprints/Behavior/BTS_botDetectEnemy.BTS_botDetectEnemy:EventGraph.K2Node_MacroInstance_9524 keeps removed/invalid pin: EdGraphPin /Game/Blueprints/Behavior/BTS_botDetectEnemy.BTS_botDetectEnemy:EventGraph.K2Node_MacroInstance_9524.EdGraphPin_159414. Try refresh all nodes.
[2016.01.09-20.08.45:744][  0]LogBlueprint:Error: Broken Node: K2Node_CallFunction /Game/Blueprints/Behavior/BTS_botDetectEnemy.BTS_botDetectEnemy:EventGraph.K2Node_CallFunction_712674 keeps removed/invalid pin: EdGraphPin /Game/Blueprints/Behavior/BTS_botDetectEnemy.BTS_botDetectEnemy:EventGraph.K2Node_CallFunction_712674.EdGraphPin_159528. Try refresh all nodes.
[2016.01.09-20.08.45:745][  0]LogBlueprint:Error: Broken Node: K2Node_CommutativeAssociativeBinaryOperator /Game/Blueprints/Behavior/BTS_botDetectEnemy.BTS_botDetectEnemy:EventGraph.K2Node_CommutativeAssociativeBinaryOperator_343 keeps removed/invalid pin: EdGraphPin /Game/Blueprints/Behavior/BTS_botDetectEnemy.BTS_botDetectEnemy:EventGraph.K2Node_CommutativeAssociativeBinaryOperator_343.EdGraphPin_159851. Try refresh all nodes.
[2016.01.09-20.08.46:499][  0]LogLinker:Warning: CreateExport: Failed to load Parent for Function /Game/QualityMenu/Blueprints/AudioEffectControl.AudioEffectControl_C:UserConstructionScript; removing parent information, but keeping function
[2016.01.09-20.08.46:501][  0]LogLinker:Warning: Asset 'E:/Project/GameWip/GameWip2/Content/StarterContent/Audio/Starter_Music_Cue.uasset' has been saved with empty engine version. The asset will be loaded but may be incompatible.
[2016.01.09-20.08.46:505][  0]LogLinker:Warning: CreateExport: Failed to load Parent for Function /Game/QualityMenu/Blueprints/AudioMusicControl.AudioMusicControl_C:UserConstructionScript; removing parent information, but keeping function
[2016.01.09-20.08.46:795][  0]LogLinker:Warning: Asset 'E:/Project/GameWip/GameWip2/Content/AridDesert/Materials/M_MasterRock.uasset' has been saved with empty engine version. The asset will be loaded but may be incompatible.
[2016.01.09-20.08.46:806][  0]LogLinker:Warning: Asset 'E:/Project/GameWip/GameWip2/Content/StarterContent/Audio/Starter_Background_Cue.uasset' has been saved with empty engine version. The asset will be loaded but may be incompatible.
[2016.01.09-20.08.50:993][  0]LogAIModule: Creating AISystem for world Maimenu
[2016.01.09-20.08.51:016][  0]LogLinker:Warning: Asset 'E:/Project/GameWip/GameWip2/Content/Loading.umap' has been saved with empty engine version. The asset will be loaded but may be incompatible.
[2016.01.09-20.08.51:085][  0]LoadErrors:Warning: Warning CreateExport: Failed to load Outer for resource 'AssetImportData': Hair /Game/HairWorks/Hair/Alex/gm_main.gm_main
[2016.01.09-20.08.51:086][  0]LogLinker:Warning: Asset 'E:/Project/GameWip/GameWip2/Content/NewGame.umap' has been saved with empty engine version. The asset will be loaded but may be incompatible.
[2016.01.09-20.08.51:112][  0]LogEditorServer: Finished looking for orphan Actors (0.000 secs)
[2016.01.09-20.08.51:113][  0]Cmd: MAP CHECKDEP NOCLEARLOG
[2016.01.09-20.08.51:272][  0]MapCheck: Info Map check complete: 0 Error(s), 0 Warning(s), took 159.358ms to complete.
[2016.01.09-20.08.51:272][  0]LogFileHelpers: Loading map 'Maimenu' took 14.034
[2016.01.09-20.08.51:394][  0]LogCollectionManager: Loaded 0 collections in 0.002083 seconds
[2016.01.09-20.08.51:437][  0]LogFileCache: Scanning file cache for directory 'E:/Project/GameWip/GameWip2/Saved/Collections/' took 0.01s
[2016.01.09-20.08.51:437][  0]LogFileCache: Scanning file cache for directory 'E:/Project/GameWip/GameWip2/Content/Developers/S/Collections/' took 0.01s
[2016.01.09-20.08.51:437][  0]LogFileCache: Scanning file cache for directory 'E:/Project/GameWip/GameWip2/Content/Collections/' took 0.01s
[2016.01.09-20.08.51:437][  0]LogContentBrowser: Native class hierarchy populated in 0.0082 seconds. Added 1867 classes and 333 folders.
[2016.01.09-20.08.51:442][  0]LogCollectionManager: Rebuilt the GUID cache for 0 collections in 0.000002 seconds
[2016.01.09-20.08.51:448][  0]LogContentBrowser: Native class hierarchy updated for 'WidgetCarousel' in 0.0003 seconds. Added 0 classes and 0 folders.
[2016.01.09-20.08.51:571][  0]LogContentBrowser: Native class hierarchy updated for 'AddContentDialog' in 0.0003 seconds. Added 0 classes and 0 folders.
[2016.01.09-20.08.51:575][  0]LogContentBrowser: Native class hierarchy updated for 'SceneOutliner' in 0.0003 seconds. Added 1 classes and 2 folders.
[2016.01.09-20.08.51:587][  0]LogContentBrowser: Native class hierarchy updated for 'WorldBrowser' in 0.0003 seconds. Added 1 classes and 3 folders.
[2016.01.09-20.08.51:898][  0]LogCrashTracker: Crashtracker disabled due to settings.
[2016.01.09-20.08.51:902][  0]LogLinker:Warning: Can't find file '/Engine/Tutorial/Basics/LevelEditorAttract'
[2016.01.09-20.08.51:903][  0]LogLinker:Warning: Can't find file '/Engine/Tutorial/Basics/LevelEditorAttract'
[2016.01.09-20.08.51:903][  0]LogUObjectGlobals:Warning: Failed to find object 'Class /Engine/Tutorial/Basics/LevelEditorAttract.LevelEditorAttract_C'
[2016.01.09-20.08.51:903][  0]LogUObjectGlobals:Warning: Failed to find object 'Class None.'
[2016.01.09-20.08.51:926][  0]LogLoad: Full Startup: 21.72 seconds (BP compile: 4.13 seconds)
[2016.01.09-20.08.52:307][  0]LogContentStreaming: Texture pool size now 1000 MB
[2016.01.09-20.08.52:327][  0]LogLinker:Warning: Can't find file '/Engine/Tutorial/Basics/LevelEditorOverview'
[2016.01.09-20.08.52:327][  0]LogLinker:Warning: Can't find file '/Engine/Tutorial/Basics/LevelEditorOverview'
[2016.01.09-20.08.52:328][  0]LogUObjectGlobals:Warning: Failed to find object 'Object /Engine/Tutorial/Basics/LevelEditorOverview.LevelEditorOverview_C'
[2016.01.09-20.08.52:472][  0]LogRenderer: Reallocating scene render targets to support 996x536 (Frame:2).
[2016.01.09-20.08.56:638][ 26]LogAssetRegistry: Asset discovery search completed in 20.6727 seconds
[2016.01.09-20.08.56:638][ 26]LogCollectionManager: Rebuilt the object cache for 0 collections in 0.000001 seconds (found 0 objects)
[2016.01.09-20.08.56:638][ 26]LogCollectionManager: Fixed up redirectors for 0 collections in 0.000024 seconds (updated 0 objects)
[2016.01.09-20.08.59:937][104]LogWindowsTextInputMethodSystem:Display: IME system now deactivated.
[2016.01.09-20.09.00:198][105]Cmd: QUIT_EDITOR
[2016.01.09-20.09.00:456][105]LogExit: Preparing to exit.
[2016.01.09-20.09.01:055][105]LogExit: Editor shut down
[2016.01.09-20.09.01:055][105]LogExit: Transaction tracking system shut down
[2016.01.09-20.09.01:072][105]LogParticles: Destroying 0 GPU particle simulations for FXSystem 0x000000C13334EC00
[2016.01.09-20.09.01:072][105]LogParticles: Destroying 0 GPU particle simulations for FXSystem 0x000000C13FF74360
[2016.01.09-20.09.01:072][105]LogParticles: Destroying 0 GPU particle simulations for FXSystem 0x000000C1401F0FE0
[2016.01.09-20.09.01:333][105]LogExit: Object subsystem successfully closed.
[2016.01.09-20.09.01:363][105]LogD3D11RHI: Shutdown
[2016.01.09-20.09.01:363][105]LogD3D11RHI: CleanupD3DDevice
[2016.01.09-20.09.01:411][105]LogD3D11RHI: ~FD3D11DynamicRHI
[2016.01.09-20.09.01:455][105]LogModuleManager: Shutting down and abandoning module CrashTracker (198)
[2016.01.09-20.09.01:455][105]LogModuleManager: Shutting down and abandoning module WorldBrowser (197)
[2016.01.09-20.09.01:456][105]LogModuleManager: Shutting down and abandoning module SceneOutliner (196)
[2016.01.09-20.09.01:456][105]LogModuleManager: Shutting down and abandoning module SuperSearch (195)
[2016.01.09-20.09.01:456][105]LogModuleManager: Shutting down and abandoning module WidgetCarousel (194)
[2016.01.09-20.09.01:456][105]LogModuleManager: Shutting down and abandoning module AddContentDialog (193)
[2016.01.09-20.09.01:457][105]LogModuleManager: Shutting down and abandoning module EditorWidgets (192)
[2016.01.09-20.09.01:457][105]LogModuleManager: Shutting down and abandoning module CollectionManager (191)
[2016.01.09-20.09.01:458][105]LogModuleManager: Shutting down and abandoning module StatsViewer (190)
[2016.01.09-20.09.01:459][105]LogModuleManager: Shutting down and abandoning module FoliageEdit (189)
[2016.01.09-20.09.01:459][105]LogModuleManager: Shutting down and abandoning module LandscapeEditor (188)
[2016.01.09-20.09.01:461][105]LogModuleManager: Shutting down and abandoning module ActorPickerMode (187)
[2016.01.09-20.09.01:461][105]LogModuleManager: Shutting down and abandoning module GeometryMode (186)
[2016.01.09-20.09.01:461][105]LogModuleManager: Shutting down and abandoning module TextureAlignMode (185)
[2016.01.09-20.09.01:461][105]LogModuleManager: Shutting down and abandoning module BspMode (184)
[2016.01.09-20.09.01:461][105]LogModuleManager: Shutting down and abandoning module PlacementMode (183)
[2016.01.09-20.09.01:461][105]LogModuleManager: Shutting down and abandoning module AutomationWorker (182)
[2016.01.09-20.09.01:462][105]LogModuleManager: Shutting down and abandoning module CharacterAI (181)
[2016.01.09-20.09.01:462][105]LogModuleManager: Shutting down and abandoning module SmartSnapping (180)
[2016.01.09-20.09.01:462][105]LogModuleManager: Shutting down and abandoning module ViewportSnapping (179)
[2016.01.09-20.09.01:462][105]LogModuleManager: Shutting down and abandoning module LogVisualizer (178)
[2016.01.09-20.09.01:462][105]LogModuleManager: Shutting down and abandoning module GameProjectGeneration (177)
[2016.01.09-20.09.01:463][105]LogModuleManager: Shutting down and abandoning module IntroTutorials (176)
[2016.01.09-20.09.01:465][105]LogModuleManager: Shutting down and abandoning module EditorLiveStreaming (175)
[2016.01.09-20.09.01:465][105]LogModuleManager: Shutting down and abandoning module IOSPlatformEditor (174)
[2016.01.09-20.09.01:466][105]LogModuleManager: Shutting down and abandoning module HTML5PlatformEditor (173)
[2016.01.09-20.09.01:466][105]LogModuleManager: Shutting down and abandoning module AndroidDeviceDetection (172)
[2016.01.09-20.09.02:005][105]LogModuleManager: Shutting down and abandoning module AndroidPlatformEditor (171)
[2016.01.09-20.09.02:005][105]LogModuleManager: Shutting down and abandoning module IOSRuntimeSettings (170)
[2016.01.09-20.09.02:005][105]LogModuleManager: Shutting down and abandoning module AndroidRuntimeSettings (169)
[2016.01.09-20.09.02:005][105]LogModuleManager: Shutting down and abandoning module MergeActors (168)
[2016.01.09-20.09.02:007][105]LogModuleManager: Shutting down and abandoning module SizeMap (167)
[2016.01.09-20.09.02:007][105]LogModuleManager: Shutting down and abandoning module TreeMap (166)
[2016.01.09-20.09.02:007][105]LogModuleManager: Shutting down and abandoning module ReferenceViewer (165)
[2016.01.09-20.09.02:007][105]LogModuleManager: Shutting down and abandoning module LocalizationService (164)
[2016.01.09-20.09.02:008][105]LogModuleManager: Shutting down and abandoning module LocalizationDashboard (163)
[2016.01.09-20.09.02:008][105]LogModuleManager: Shutting down and abandoning module HardwareTargeting (162)
[2016.01.09-20.09.02:008][105]LogModuleManager: Shutting down and abandoning module DeviceProfileEditor (161)
[2016.01.09-20.09.02:008][105]LogModuleManager: Shutting down and abandoning module UndoHistory (160)
[2016.01.09-20.09.02:008][105]LogModuleManager: Shutting down and abandoning module GameplayTagsEditor (159)
[2016.01.09-20.09.02:008][105]LogModuleManager: Shutting down and abandoning module UserFeedback (158)
[2016.01.09-20.09.02:008][105]LogModuleManager: Shutting down and abandoning module XmlParser (157)
[2016.01.09-20.09.02:008][105]LogModuleManager: Shutting down and abandoning module Blutility (156)
[2016.01.09-20.09.02:008][105]LogModuleManager: Shutting down and abandoning module ProjectTargetPlatformEditor (155)
[2016.01.09-20.09.02:008][105]LogModuleManager: Shutting down and abandoning module ProjectSettingsViewer (154)
[2016.01.09-20.09.02:009][105]LogModuleManager: Shutting down and abandoning module InputBindingEditor (153)
[2016.01.09-20.09.02:009][105]LogModuleManager: Shutting down and abandoning module EditorSettingsViewer (152)
[2016.01.09-20.09.02:009][105]LogModuleManager: Shutting down and abandoning module SettingsEditor (151)
[2016.01.09-20.09.02:011][105]LogModuleManager: Shutting down and abandoning module ProjectLauncher (150)
[2016.01.09-20.09.02:011][105]LogModuleManager: Shutting down and abandoning module SessionFrontend (149)
[2016.01.09-20.09.02:011][105]LogModuleManager: Shutting down and abandoning module ProfilerClient (148)
[2016.01.09-20.09.02:012][105]LogModuleManager: Shutting down and abandoning module TargetDeviceServices (147)
[2016.01.09-20.09.02:012][105]LogModuleManager: Shutting down and abandoning module DeviceManager (146)
[2016.01.09-20.09.02:012][105]LogModuleManager: Shutting down and abandoning module AutomationController (145)
[2016.01.09-20.09.02:013][105]LogModuleManager: Shutting down and abandoning module AutomationWindow (144)
[2016.01.09-20.09.02:014][105]LogModuleManager: Shutting down and abandoning module Layers (143)
[2016.01.09-20.09.02:014][105]LogModuleManager: Shutting down and abandoning module ComponentVisualizers (142)
[2016.01.09-20.09.02:014][105]LogModuleManager: Shutting down and abandoning module DetailCustomizations (141)
[2016.01.09-20.09.02:014][105]LogModuleManager: Shutting down and abandoning module PackagesDialog (140)
[2016.01.09-20.09.02:014][105]LogModuleManager: Shutting down and abandoning module Persona (139)
[2016.01.09-20.09.02:015][105]LogModuleManager: Shutting down and abandoning module Kismet (138)
[2016.01.09-20.09.02:015][105]LogModuleManager: Shutting down and abandoning module GraphEditor (137)
[2016.01.09-20.09.02:015][105]LogModuleManager: Shutting down and abandoning module ClassViewer (136)
[2016.01.09-20.09.02:016][105]LogModuleManager: Shutting down and abandoning module Toolbox (135)
[2016.01.09-20.09.02:016][105]LogModuleManager: Shutting down and abandoning module ModuleUI (134)
[2016.01.09-20.09.02:016][105]LogModuleManager: Shutting down and abandoning module MovieSceneTools (133)
[2016.01.09-20.09.02:016][105]LogModuleManager: Shutting down and abandoning module OutputLog (132)
[2016.01.09-20.09.02:017][105]LogModuleManager: Shutting down and abandoning module GammaUI (131)
[2016.01.09-20.09.02:017][105]LogModuleManager: Shutting down and abandoning module Documentation (130)
[2016.01.09-20.09.02:017][105]LogModuleManager: Shutting down and abandoning module GameLiveStreaming (129)
[2016.01.09-20.09.02:017][105]LogModuleManager: Shutting down and abandoning module StreamingPauseRendering (128)
[2016.01.09-20.09.02:017][105]LogModuleManager: Shutting down and abandoning module AnalyticsET (127)
[2016.01.09-20.09.02:017][105]LogModuleManager: Shutting down and abandoning module Analytics (126)
[2016.01.09-20.09.02:017][105]LogModuleManager: Shutting down and abandoning module AITestSuite (125)
[2016.01.09-20.09.02:018][105]LogModuleManager: Shutting down and abandoning module GameplayDebugger (124)
[2016.01.09-20.09.02:018][105]LogModuleManager: Shutting down and abandoning module AIModule (123)
[2016.01.09-20.09.02:018][105]LogModuleManager: Shutting down and abandoning module ProfilerService (122)
[2016.01.09-20.09.02:210][105]LogModuleManager: Shutting down and abandoning module TaskGraph (121)
[2016.01.09-20.09.02:211][105]LogModuleManager: Shutting down and abandoning module SlateRemote (120)
[2016.01.09-20.09.02:211][105]LogModuleManager: Shutting down and abandoning module SteamVRController (119)
[2016.01.09-20.09.02:211][105]LogModuleManager: Shutting down and abandoning module SteamVR (118)
[2016.01.09-20.09.02:211][105]LogModuleManager: Shutting down and abandoning module ProceduralMeshComponent (117)
[2016.01.09-20.09.02:211][105]LogModuleManager: Shutting down and abandoning module OculusRift (116)
[2016.01.09-20.09.02:211][105]LogModuleManager: Shutting down and abandoning module OculusLibrary (115)
[2016.01.09-20.09.02:211][105]LogModuleManager: Shutting down and abandoning module LeapMotionController (114)
[2016.01.09-20.09.02:248][105]LogModuleManager: Shutting down and abandoning module CustomMeshComponent (113)
[2016.01.09-20.09.02:249][105]LogModuleManager: Shutting down and abandoning module CableComponent (112)
[2016.01.09-20.09.02:249][105]LogModuleManager: Shutting down and abandoning module ArchVisCharacter (111)
[2016.01.09-20.09.02:249][105]LogModuleManager: Shutting down and abandoning module MessagingDebugger (110)
[2016.01.09-20.09.02:250][105]LogModuleManager: Shutting down and abandoning module MediaPlayerEditor (109)
[2016.01.09-20.09.02:252][105]LogModuleManager: Shutting down and abandoning module HTML5Networking (108)
[2016.01.09-20.09.02:252][105]LogModuleManager: Shutting down and abandoning module SpeedTreeImporter (107)
[2016.01.09-20.09.02:252][105]LogModuleManager: Shutting down and abandoning module PluginBrowser (106)
[2016.01.09-20.09.02:252][105]LogModuleManager: Shutting down and abandoning module EpicSurvey (105)
[2016.01.09-20.09.02:253][105]LogModuleManager: Shutting down and abandoning module DesktopPlatform (104)
[2016.01.09-20.09.02:254][105]LogModuleManager: Shutting down and abandoning module VisualStudioSourceCodeAccess (103)
[2016.01.09-20.09.02:254][105]LogModuleManager: Shutting down and abandoning module UObjectPlugin (102)
[2016.01.09-20.09.02:254][105]LogModuleManager: Shutting down and abandoning module SubversionSourceControl (101)
[2016.01.09-20.09.02:255][105]LogModuleManager: Shutting down and abandoning module PerforceSourceControl (100)
[2016.01.09-20.09.02:256][105]LogModuleManager: Shutting down and abandoning module SourceControl (99)
[2016.01.09-20.09.02:256][105]LogModuleManager: Shutting down and abandoning module GitSourceControl (98)
[2016.01.09-20.09.02:257][105]LogModuleManager: Shutting down and abandoning module LightPropagationVolumeEditor (97)
[2016.01.09-20.09.02:257][105]LogModuleManager: Shutting down and abandoning module PaperTiledImporter (96)
[2016.01.09-20.09.02:257][105]LogModuleManager: Shutting down and abandoning module PaperSpriteSheetImporter (95)
[2016.01.09-20.09.02:257][105]LogModuleManager: Shutting down and abandoning module MeshPaint (94)
[2016.01.09-20.09.02:258][105]LogModuleManager: Shutting down and abandoning module SlateReflector (93)
[2016.01.09-20.09.02:258][105]LogModuleManager: Shutting down and abandoning module HotReload (92)
[2016.01.09-20.09.02:259][105]LogModuleManager: Shutting down and abandoning module MainFrame (91)
[2016.01.09-20.09.02:259][105]LogModuleManager: Shutting down and abandoning module LevelEditor (90)
[2016.01.09-20.09.02:260][105]LogModuleManager: Shutting down and abandoning module DirectoryWatcher (89)
[2016.01.09-20.09.02:261][105]LogModuleManager: Shutting down and abandoning module AssetRegistry (88)
[2016.01.09-20.09.02:445][105]LogModuleManager: Shutting down and abandoning module ContentBrowser (87)
[2016.01.09-20.09.02:445][105]LogModuleManager: Shutting down and abandoning module Paper2DEditor (86)
[2016.01.09-20.09.02:448][105]LogModuleManager: Shutting down and abandoning module UdpMessaging (85)
[2016.01.09-20.09.02:549][105]LogModuleManager: Shutting down and abandoning module LightPropagationVolumeRuntime (84)
[2016.01.09-20.09.02:549][105]LogModuleManager: Shutting down and abandoning module Paper2D (83)
[2016.01.09-20.09.02:549][105]LogModuleManager: Shutting down and abandoning module WindowsMoviePlayer (82)
[2016.01.09-20.09.02:555][105]LogModuleManager: Shutting down and abandoning module Media (81)
[2016.01.09-20.09.02:555][105]LogModuleManager: Shutting down and abandoning module WmfMedia (80)
[2016.01.09-20.09.02:556][105]LogModuleManager: Shutting down and abandoning module OnlineBlueprintSupport (79)
[2016.01.09-20.09.02:556][105]LogModuleManager: Shutting down and abandoning module GameplayTasksEditor (78)
[2016.01.09-20.09.02:556][105]LogModuleManager: Shutting down and abandoning module PropertyEditor (77)
[2016.01.09-20.09.02:556][105]LogModuleManager: Shutting down and abandoning module BehaviorTreeEditor (76)
[2016.01.09-20.09.02:557][105]LogModuleManager: Shutting down and abandoning module FunctionalTesting (75)
[2016.01.09-20.09.02:557][105]LogModuleManager: Shutting down and abandoning module CollisionAnalyzer (74)
[2016.01.09-20.09.02:558][105]LogModuleManager: Shutting down and abandoning module WorkspaceMenuStructure (73)
[2016.01.09-20.09.02:558][105]LogModuleManager: Shutting down and abandoning module MessageLog (72)
[2016.01.09-20.09.02:558][105]LogModuleManager: Shutting down and abandoning module Sequencer (71)
[2016.01.09-20.09.02:559][105]LogModuleManager: Shutting down and abandoning module AssetTools (70)
[2016.01.09-20.09.02:561][105]LogModuleManager: Shutting down and abandoning module UMGEditor (69)
[2016.01.09-20.09.02:562][105]LogModuleManager: Shutting down and abandoning module UMG (68)
[2016.01.09-20.09.02:562][105]LogModuleManager: Shutting down and abandoning module Slate (67)
[2016.01.09-20.09.02:562][105]LogModuleManager: Shutting down and abandoning module EditorStyle (66)
[2016.01.09-20.09.02:563][105]LogModuleManager: Shutting down and abandoning module SessionServices (65)
[2016.01.09-20.09.02:563][105]LogModuleManager: Shutting down and abandoning module SourceCodeAccess (64)
[2016.01.09-20.09.02:563][105]LogModuleManager: Shutting down and abandoning module HeadMountedDisplay (63)
[2016.01.09-20.09.02:563][105]LogModuleManager: Shutting down and abandoning module XAudio2 (62)
[2016.01.09-20.09.02:563][105]LogModuleManager: Shutting down and abandoning module Networking (60)
[2016.01.09-20.09.02:563][105]LogModuleManager: Shutting down and abandoning module Core (59)
[2016.01.09-20.09.02:563][105]LogModuleManager: Shutting down and abandoning module KismetCompiler (58)
[2016.01.09-20.09.02:563][105]LogModuleManager: Shutting down and abandoning module PhysXFormats (57)
[2016.01.09-20.09.02:563][105]LogModuleManager: Shutting down and abandoning module MeshUtilities (56)
[2016.01.09-20.09.02:563][105]LogModuleManager: Shutting down and abandoning module CookingStats (55)
[2016.01.09-20.09.02:565][105]LogModuleManager: Shutting down and abandoning module DerivedDataCache (54)
[2016.01.09-20.09.02:666][105]LogDerivedDataCache: Shutdown
[2016.01.09-20.09.02:666][105]LogModuleManager: Shutting down and abandoning module ShaderFormatOpenGL (53)
[2016.01.09-20.09.02:667][105]LogModuleManager: Shutting down and abandoning module ShaderFormatD3D (52)
[2016.01.09-20.09.02:667][105]LogModuleManager: Shutting down and abandoning module MetalShaderFormat (51)
[2016.01.09-20.09.02:667][105]LogModuleManager: Shutting down and abandoning module TextureFormatUncompressed (50)
[2016.01.09-20.09.02:667][105]LogModuleManager: Shutting down and abandoning module TextureFormatPVR (49)
[2016.01.09-20.09.02:667][105]LogModuleManager: Shutting down and abandoning module TextureFormatIntelISPCTexComp (48)
[2016.01.09-20.09.02:667][105]LogModuleManager: Shutting down and abandoning module TextureFormatDXT (47)
[2016.01.09-20.09.02:667][105]LogModuleManager: Shutting down and abandoning module ImageWrapper (46)
[2016.01.09-20.09.02:667][105]LogModuleManager: Shutting down and abandoning module TextureFormatASTC (45)
[2016.01.09-20.09.02:667][105]LogModuleManager: Shutting down and abandoning module TextureFormatAndroid (44)
[2016.01.09-20.09.02:667][105]LogModuleManager: Shutting down and abandoning module AudioFormatOpus (43)
[2016.01.09-20.09.02:667][105]LogModuleManager: Shutting down and abandoning module AudioFormatOgg (42)
[2016.01.09-20.09.02:667][105]LogModuleManager: Shutting down and abandoning module AudioFormatADPCM (41)
[2016.01.09-20.09.02:667][105]LogModuleManager: Shutting down and abandoning module LinuxTargetPlatform (40)
[2016.01.09-20.09.02:667][105]LogModuleManager: Shutting down and abandoning module LinuxServerTargetPlatform (39)
[2016.01.09-20.09.02:668][105]LogModuleManager: Shutting down and abandoning module LinuxNoEditorTargetPlatform (38)
[2016.01.09-20.09.02:668][105]LogModuleManager: Shutting down and abandoning module Messaging (37)
[2016.01.09-20.09.02:668][105]LogModuleManager: Shutting down and abandoning module IOSTargetPlatform (36)
[2016.01.09-20.09.02:668][105]LogModuleManager: Shutting down and abandoning module HTML5TargetPlatform (35)
[2016.01.09-20.09.02:668][105]LogModuleManager: Shutting down and abandoning module Android_PVRTCTargetPlatform (34)
[2016.01.09-20.09.02:668][105]LogModuleManager: Shutting down and abandoning module Android_ETC2TargetPlatform (33)
[2016.01.09-20.09.02:669][105]LogModuleManager: Shutting down and abandoning module Android_ETC1TargetPlatform (32)
[2016.01.09-20.09.02:669][105]LogModuleManager: Shutting down and abandoning module Android_DXTTargetPlatform (31)
[2016.01.09-20.09.02:670][105]LogModuleManager: Shutting down and abandoning module Android_ATCTargetPlatform (30)
[2016.01.09-20.09.02:670][105]LogModuleManager: Shutting down and abandoning module Android_ASTCTargetPlatform (29)
[2016.01.09-20.09.02:670][105]LogModuleManager: Shutting down and abandoning module AndroidTargetPlatform (28)
[2016.01.09-20.09.02:671][105]LogModuleManager: Shutting down and abandoning module WindowsTargetPlatform (27)
[2016.01.09-20.09.02:671][105]LogModuleManager: Shutting down and abandoning module WindowsServerTargetPlatform (26)
[2016.01.09-20.09.02:671][105]LogModuleManager: Shutting down and abandoning module WindowsNoEditorTargetPlatform (25)
[2016.01.09-20.09.02:671][105]LogModuleManager: Shutting down and abandoning module WindowsClientTargetPlatform (24)
[2016.01.09-20.09.02:672][105]LogModuleManager: Shutting down and abandoning module AllDesktopTargetPlatform (23)
[2016.01.09-20.09.02:672][105]LogModuleManager: Shutting down and abandoning module TargetPlatform (22)
[2016.01.09-20.09.02:672][105]LogModuleManager: Shutting down and abandoning module InputCore (21)
[2016.01.09-20.09.02:672][105]LogModuleManager: Shutting down and abandoning module Settings (20)
[2016.01.09-20.09.02:672][105]LogModuleManager: Shutting down and abandoning module OnlineSubsystem (18)
[2016.01.09-20.09.02:672][105]LogModuleManager: Shutting down and abandoning module HTTP (17)
[2016.01.09-20.09.04:676][105]LogModuleManager: Shutting down and abandoning module XMPP (16)
[2016.01.09-20.09.04:679][105]LogModuleManager: Shutting down and abandoning module ExampleDeviceProfileSelector (15)
[2016.01.09-20.09.04:679][105]LogModuleManager: Shutting down and abandoning module TextureCompressor (14)
[2016.01.09-20.09.04:679][105]LogModuleManager: Shutting down and abandoning module ShaderCore (13)
[2016.01.09-20.09.04:679][105]LogModuleManager: Shutting down and abandoning module Landscape (12)
[2016.01.09-20.09.04:679][105]LogModuleManager: Shutting down and abandoning module SlateRHIRenderer (11)
[2016.01.09-20.09.04:680][105]LogModuleManager: Shutting down and abandoning module OpenGLDrv (10)
[2016.01.09-20.09.04:681][105]LogModuleManager: Shutting down and abandoning module D3D11RHI (9)
[2016.01.09-20.09.04:681][105]LogModuleManager: Shutting down and abandoning module AnimGraphRuntime (8)
[2016.01.09-20.09.04:681][105]LogModuleManager: Shutting down and abandoning module Renderer (7)
[2016.01.09-20.09.04:681][105]LogModuleManager: Shutting down and abandoning module Engine (6)
[2016.01.09-20.09.04:681][105]LogModuleManager: Shutting down and abandoning module CoreUObject (5)
[2016.01.09-20.09.04:681][105]LogModuleManager: Shutting down and abandoning module NetworkFile (4)
[2016.01.09-20.09.04:681][105]LogModuleManager: Shutting down and abandoning module StreamingFile (3)
[2016.01.09-20.09.04:681][105]LogModuleManager: Shutting down and abandoning module SandboxFile (2)
[2016.01.09-20.09.04:682][105]LogModuleManager: Shutting down and abandoning module PakFile (1)
[2016.01.09-20.09.04:683][105]LogExit: Exiting.
[2016.01.09-20.09.04:696][105]Log file closed, 01/10/16 00:09:04
